{"/Users/mac/Desktop/reopencuapp/frontend-available/src/App.js": {"path":"/Users/mac/Desktop/reopencuapp/frontend-available/src/App.js","statementMap":{"0":{"start":{"line":27,"column":31},"end":{"line":27,"column":46}},"1":{"start":{"line":29,"column":2},"end":{"line":50,"column":9}},"2":{"start":{"line":32,"column":4},"end":{"line":49,"column":7}},"3":{"start":{"line":33,"column":6},"end":{"line":33,"column":48}},"4":{"start":{"line":35,"column":6},"end":{"line":48,"column":7}},"5":{"start":{"line":38,"column":8},"end":{"line":41,"column":11}},"6":{"start":{"line":44,"column":8},"end":{"line":47,"column":11}},"7":{"start":{"line":75,"column":2},"end":{"line":75,"column":36}},"8":{"start":{"line":77,"column":2},"end":{"line":177,"column":4}}},"fnMap":{"0":{"name":"App","decl":{"start":{"line":26,"column":9},"end":{"line":26,"column":12}},"loc":{"start":{"line":26,"column":16},"end":{"line":178,"column":1}},"line":26},"1":{"name":"(anonymous_1)","decl":{"start":{"line":29,"column":12},"end":{"line":29,"column":13}},"loc":{"start":{"line":29,"column":18},"end":{"line":50,"column":3}},"line":29},"2":{"name":"(anonymous_2)","decl":{"start":{"line":32,"column":28},"end":{"line":32,"column":29}},"loc":{"start":{"line":32,"column":42},"end":{"line":49,"column":5}},"line":32}},"branchMap":{"0":{"loc":{"start":{"line":35,"column":6},"end":{"line":48,"column":7}},"type":"if","locations":[{"start":{"line":35,"column":6},"end":{"line":48,"column":7}},{"start":{"line":35,"column":6},"end":{"line":48,"column":7}}],"line":35}},"s":{"0":3,"1":0,"2":0,"3":0,"4":0,"5":0,"6":0,"7":0,"8":0},"f":{"0":3,"1":0,"2":0},"b":{"0":[0,0]},"_coverageSchema":"1a1c01bbd47fc00a2c39e90264f33305004495a9","hash":"de4daf6d2c64fdabaedd31848d9f91694deb316c"}
,"/Users/mac/Desktop/reopencuapp/frontend-available/src/Form.js": {"path":"/Users/mac/Desktop/reopencuapp/frontend-available/src/Form.js","statementMap":{"0":{"start":{"line":11,"column":8},"end":{"line":11,"column":20}},"1":{"start":{"line":12,"column":8},"end":{"line":27,"column":10}},"2":{"start":{"line":28,"column":8},"end":{"line":28,"column":67}},"3":{"start":{"line":29,"column":8},"end":{"line":29,"column":57}},"4":{"start":{"line":34,"column":4},"end":{"line":34,"column":47}},"5":{"start":{"line":44,"column":19},"end":{"line":44,"column":31}},"6":{"start":{"line":45,"column":18},"end":{"line":45,"column":76}},"7":{"start":{"line":46,"column":17},"end":{"line":46,"column":28}},"8":{"start":{"line":48,"column":4},"end":{"line":52,"column":7}},"9":{"start":{"line":57,"column":8},"end":{"line":59,"column":10}},"10":{"start":{"line":63,"column":7},"end":{"line":63,"column":26}},"11":{"start":{"line":65,"column":20},"end":{"line":78,"column":9}},"12":{"start":{"line":79,"column":8},"end":{"line":89,"column":49}},"13":{"start":{"line":87,"column":20},"end":{"line":87,"column":30}},"14":{"start":{"line":89,"column":19},"end":{"line":89,"column":48}},"15":{"start":{"line":95,"column":8},"end":{"line":101,"column":9}},"16":{"start":{"line":97,"column":10},"end":{"line":97,"column":47}},"17":{"start":{"line":99,"column":15},"end":{"line":101,"column":9}},"18":{"start":{"line":100,"column":12},"end":{"line":100,"column":50}},"19":{"start":{"line":106,"column":24},"end":{"line":106,"column":34}},"20":{"start":{"line":107,"column":8},"end":{"line":369,"column":9}}},"fnMap":{"0":{"name":"(anonymous_0)","decl":{"start":{"line":10,"column":4},"end":{"line":10,"column":5}},"loc":{"start":{"line":10,"column":23},"end":{"line":31,"column":3}},"line":10},"1":{"name":"(anonymous_1)","decl":{"start":{"line":33,"column":2},"end":{"line":33,"column":3}},"loc":{"start":{"line":33,"column":22},"end":{"line":35,"column":3}},"line":33},"2":{"name":"(anonymous_2)","decl":{"start":{"line":43,"column":2},"end":{"line":43,"column":3}},"loc":{"start":{"line":43,"column":27},"end":{"line":53,"column":3}},"line":43},"3":{"name":"(anonymous_3)","decl":{"start":{"line":56,"column":4},"end":{"line":56,"column":5}},"loc":{"start":{"line":56,"column":16},"end":{"line":60,"column":5}},"line":56},"4":{"name":"(anonymous_4)","decl":{"start":{"line":61,"column":4},"end":{"line":61,"column":5}},"loc":{"start":{"line":61,"column":16},"end":{"line":90,"column":5}},"line":61},"5":{"name":"(anonymous_5)","decl":{"start":{"line":87,"column":14},"end":{"line":87,"column":15}},"loc":{"start":{"line":87,"column":20},"end":{"line":87,"column":30}},"line":87},"6":{"name":"(anonymous_6)","decl":{"start":{"line":89,"column":14},"end":{"line":89,"column":15}},"loc":{"start":{"line":89,"column":19},"end":{"line":89,"column":48}},"line":89},"7":{"name":"(anonymous_7)","decl":{"start":{"line":92,"column":4},"end":{"line":92,"column":5}},"loc":{"start":{"line":92,"column":20},"end":{"line":102,"column":7}},"line":92},"8":{"name":"(anonymous_8)","decl":{"start":{"line":105,"column":4},"end":{"line":105,"column":5}},"loc":{"start":{"line":105,"column":13},"end":{"line":370,"column":5}},"line":105}},"branchMap":{"0":{"loc":{"start":{"line":45,"column":18},"end":{"line":45,"column":76}},"type":"cond-expr","locations":[{"start":{"line":45,"column":47},"end":{"line":45,"column":61}},{"start":{"line":45,"column":64},"end":{"line":45,"column":76}}],"line":45},"1":{"loc":{"start":{"line":95,"column":8},"end":{"line":101,"column":9}},"type":"if","locations":[{"start":{"line":95,"column":8},"end":{"line":101,"column":9}},{"start":{"line":95,"column":8},"end":{"line":101,"column":9}}],"line":95},"2":{"loc":{"start":{"line":99,"column":15},"end":{"line":101,"column":9}},"type":"if","locations":[{"start":{"line":99,"column":15},"end":{"line":101,"column":9}},{"start":{"line":99,"column":15},"end":{"line":101,"column":9}}],"line":99}},"s":{"0":1,"1":1,"2":1,"3":1,"4":0,"5":0,"6":0,"7":0,"8":0,"9":0,"10":0,"11":0,"12":0,"13":0,"14":0,"15":1,"16":0,"17":1,"18":0,"19":1,"20":1},"f":{"0":1,"1":0,"2":0,"3":0,"4":0,"5":0,"6":0,"7":1,"8":1},"b":{"0":[0,0],"1":[0,1],"2":[0,1]},"_coverageSchema":"1a1c01bbd47fc00a2c39e90264f33305004495a9","hash":"7acefc7d93776dc83f38e153f91c90404e616e09"}
,"/Users/mac/Desktop/reopencuapp/frontend-available/src/Header.js": {"path":"/Users/mac/Desktop/reopencuapp/frontend-available/src/Header.js","statementMap":{"0":{"start":{"line":19,"column":22},"end":{"line":19,"column":66}},"1":{"start":{"line":21,"column":4},"end":{"line":21,"column":59}},"2":{"start":{"line":24,"column":8},"end":{"line":24,"column":67}},"3":{"start":{"line":38,"column":28},"end":{"line":38,"column":43}},"4":{"start":{"line":41,"column":28},"end":{"line":45,"column":9}},"5":{"start":{"line":42,"column":10},"end":{"line":44,"column":11}},"6":{"start":{"line":43,"column":12},"end":{"line":43,"column":26}},"7":{"start":{"line":47,"column":4},"end":{"line":92,"column":6}}},"fnMap":{"0":{"name":"to","decl":{"start":{"line":18,"column":9},"end":{"line":18,"column":11}},"loc":{"start":{"line":18,"column":13},"end":{"line":21,"column":60}},"line":18},"1":{"name":"to1","decl":{"start":{"line":22,"column":13},"end":{"line":22,"column":16}},"loc":{"start":{"line":22,"column":18},"end":{"line":24,"column":68}},"line":22},"2":{"name":"Header","decl":{"start":{"line":25,"column":9},"end":{"line":25,"column":15}},"loc":{"start":{"line":25,"column":18},"end":{"line":93,"column":1}},"line":25},"3":{"name":"(anonymous_3)","decl":{"start":{"line":41,"column":28},"end":{"line":41,"column":29}},"loc":{"start":{"line":41,"column":34},"end":{"line":45,"column":9}},"line":41}},"branchMap":{"0":{"loc":{"start":{"line":42,"column":10},"end":{"line":44,"column":11}},"type":"if","locations":[{"start":{"line":42,"column":10},"end":{"line":44,"column":11}},{"start":{"line":42,"column":10},"end":{"line":44,"column":11}}],"line":42},"1":{"loc":{"start":{"line":73,"column":18},"end":{"line":73,"column":35}},"type":"binary-expr","locations":[{"start":{"line":73,"column":18},"end":{"line":73,"column":23}},{"start":{"line":73,"column":27},"end":{"line":73,"column":35}}],"line":73},"2":{"loc":{"start":{"line":75,"column":48},"end":{"line":75,"column":76}},"type":"cond-expr","locations":[{"start":{"line":75,"column":56},"end":{"line":75,"column":63}},{"start":{"line":75,"column":66},"end":{"line":75,"column":76}}],"line":75},"3":{"loc":{"start":{"line":77,"column":42},"end":{"line":77,"column":71}},"type":"cond-expr","locations":[{"start":{"line":77,"column":49},"end":{"line":77,"column":59}},{"start":{"line":77,"column":62},"end":{"line":77,"column":71}}],"line":77}},"s":{"0":0,"1":0,"2":0,"3":3,"4":0,"5":0,"6":0,"7":0},"f":{"0":0,"1":0,"2":3,"3":0},"b":{"0":[0,0],"1":[0,0],"2":[0,0],"3":[0,0]},"_coverageSchema":"1a1c01bbd47fc00a2c39e90264f33305004495a9","hash":"e25e5c14bac3b9b2e5e49cad5f9285d4cbbf57f9"}
,"/Users/mac/Desktop/reopencuapp/frontend-available/src/Header2.js": {"path":"/Users/mac/Desktop/reopencuapp/frontend-available/src/Header2.js","statementMap":{"0":{"start":{"line":12,"column":4},"end":{"line":55,"column":6}}},"fnMap":{"0":{"name":"Header","decl":{"start":{"line":9,"column":9},"end":{"line":9,"column":15}},"loc":{"start":{"line":9,"column":18},"end":{"line":56,"column":1}},"line":9}},"branchMap":{},"s":{"0":1},"f":{"0":1},"b":{},"_coverageSchema":"1a1c01bbd47fc00a2c39e90264f33305004495a9","hash":"1df060514100f832c9d6b4556acd55f4c4917714"}
,"/Users/mac/Desktop/reopencuapp/frontend-available/src/Home.js": {"path":"/Users/mac/Desktop/reopencuapp/frontend-available/src/Home.js","statementMap":{"0":{"start":{"line":7,"column":4},"end":{"line":45,"column":5}}},"fnMap":{"0":{"name":"Home","decl":{"start":{"line":6,"column":9},"end":{"line":6,"column":13}},"loc":{"start":{"line":6,"column":16},"end":{"line":46,"column":1}},"line":6}},"branchMap":{},"s":{"0":1},"f":{"0":1},"b":{},"_coverageSchema":"1a1c01bbd47fc00a2c39e90264f33305004495a9","hash":"1906055c0c2c22aa49dac348e7ab391aa7c05b65"}
,"/Users/mac/Desktop/reopencuapp/frontend-available/src/Login.js": {"path":"/Users/mac/Desktop/reopencuapp/frontend-available/src/Login.js","statementMap":{"0":{"start":{"line":10,"column":27},"end":{"line":14,"column":5}},"1":{"start":{"line":15,"column":4},"end":{"line":16,"column":42}},"2":{"start":{"line":16,"column":26},"end":{"line":16,"column":41}},"3":{"start":{"line":21,"column":18},"end":{"line":21,"column":30}},"4":{"start":{"line":22,"column":28},"end":{"line":22,"column":40}},"5":{"start":{"line":23,"column":34},"end":{"line":23,"column":46}},"6":{"start":{"line":25,"column":17},"end":{"line":34,"column":3}},"7":{"start":{"line":26,"column":4},"end":{"line":26,"column":22}},"8":{"start":{"line":28,"column":4},"end":{"line":33,"column":43}},"9":{"start":{"line":33,"column":22},"end":{"line":33,"column":42}},"10":{"start":{"line":36,"column":19},"end":{"line":48,"column":3}},"11":{"start":{"line":37,"column":4},"end":{"line":37,"column":22}},"12":{"start":{"line":39,"column":4},"end":{"line":47,"column":43}},"13":{"start":{"line":43,"column":8},"end":{"line":45,"column":9}},"14":{"start":{"line":44,"column":10},"end":{"line":44,"column":27}},"15":{"start":{"line":47,"column":22},"end":{"line":47,"column":42}},"16":{"start":{"line":50,"column":2},"end":{"line":84,"column":3}},"17":{"start":{"line":65,"column":58},"end":{"line":65,"column":82}},"18":{"start":{"line":68,"column":65},"end":{"line":68,"column":92}}},"fnMap":{"0":{"name":"componentDidMount","decl":{"start":{"line":8,"column":9},"end":{"line":8,"column":26}},"loc":{"start":{"line":8,"column":29},"end":{"line":18,"column":1}},"line":8},"1":{"name":"(anonymous_1)","decl":{"start":{"line":16,"column":14},"end":{"line":16,"column":15}},"loc":{"start":{"line":16,"column":26},"end":{"line":16,"column":41}},"line":16},"2":{"name":"Login","decl":{"start":{"line":20,"column":9},"end":{"line":20,"column":14}},"loc":{"start":{"line":20,"column":18},"end":{"line":85,"column":1}},"line":20},"3":{"name":"(anonymous_3)","decl":{"start":{"line":25,"column":17},"end":{"line":25,"column":18}},"loc":{"start":{"line":25,"column":22},"end":{"line":34,"column":3}},"line":25},"4":{"name":"(anonymous_4)","decl":{"start":{"line":33,"column":13},"end":{"line":33,"column":14}},"loc":{"start":{"line":33,"column":22},"end":{"line":33,"column":42}},"line":33},"5":{"name":"(anonymous_5)","decl":{"start":{"line":36,"column":19},"end":{"line":36,"column":20}},"loc":{"start":{"line":36,"column":24},"end":{"line":48,"column":3}},"line":36},"6":{"name":"(anonymous_6)","decl":{"start":{"line":41,"column":12},"end":{"line":41,"column":13}},"loc":{"start":{"line":41,"column":22},"end":{"line":46,"column":7}},"line":41},"7":{"name":"(anonymous_7)","decl":{"start":{"line":47,"column":13},"end":{"line":47,"column":14}},"loc":{"start":{"line":47,"column":22},"end":{"line":47,"column":42}},"line":47},"8":{"name":"(anonymous_8)","decl":{"start":{"line":65,"column":53},"end":{"line":65,"column":54}},"loc":{"start":{"line":65,"column":58},"end":{"line":65,"column":82}},"line":65},"9":{"name":"(anonymous_9)","decl":{"start":{"line":68,"column":60},"end":{"line":68,"column":61}},"loc":{"start":{"line":68,"column":65},"end":{"line":68,"column":92}},"line":68}},"branchMap":{"0":{"loc":{"start":{"line":43,"column":8},"end":{"line":45,"column":9}},"type":"if","locations":[{"start":{"line":43,"column":8},"end":{"line":45,"column":9}},{"start":{"line":43,"column":8},"end":{"line":45,"column":9}}],"line":43}},"s":{"0":0,"1":0,"2":0,"3":3,"4":3,"5":3,"6":3,"7":1,"8":1,"9":1,"10":3,"11":1,"12":1,"13":0,"14":0,"15":1,"16":3,"17":0,"18":0},"f":{"0":0,"1":0,"2":3,"3":1,"4":1,"5":1,"6":0,"7":1,"8":0,"9":0},"b":{"0":[0,0]},"_coverageSchema":"1a1c01bbd47fc00a2c39e90264f33305004495a9","hash":"130c37ea92cd6e5fc9d0269fcfcb1ec36c9624ea"}
,"/Users/mac/Desktop/reopencuapp/frontend-available/src/PCHome.js": {"path":"/Users/mac/Desktop/reopencuapp/frontend-available/src/PCHome.js","statementMap":{"0":{"start":{"line":6,"column":4},"end":{"line":35,"column":10}}},"fnMap":{"0":{"name":"PCHome","decl":{"start":{"line":5,"column":9},"end":{"line":5,"column":15}},"loc":{"start":{"line":5,"column":18},"end":{"line":36,"column":5}},"line":5}},"branchMap":{},"s":{"0":1},"f":{"0":1},"b":{},"_coverageSchema":"1a1c01bbd47fc00a2c39e90264f33305004495a9","hash":"3fcb0693a1da56433fb2171e0bcda35857f51770"}
,"/Users/mac/Desktop/reopencuapp/frontend-available/src/Pretraining.js": {"path":"/Users/mac/Desktop/reopencuapp/frontend-available/src/Pretraining.js","statementMap":{"0":{"start":{"line":8,"column":20},"end":{"line":8,"column":31}},"1":{"start":{"line":9,"column":8},"end":{"line":12,"column":9}},"2":{"start":{"line":9,"column":21},"end":{"line":9,"column":22}},"3":{"start":{"line":10,"column":27},"end":{"line":10,"column":51}},"4":{"start":{"line":11,"column":10},"end":{"line":11,"column":80}},"5":{"start":{"line":13,"column":8},"end":{"line":23,"column":9}},"6":{"start":{"line":14,"column":30},"end":{"line":14,"column":57}},"7":{"start":{"line":15,"column":26},"end":{"line":15,"column":28}},"8":{"start":{"line":16,"column":10},"end":{"line":18,"column":13}},"9":{"start":{"line":17,"column":12},"end":{"line":17,"column":42}},"10":{"start":{"line":19,"column":10},"end":{"line":19,"column":28}},"11":{"start":{"line":20,"column":10},"end":{"line":22,"column":11}},"12":{"start":{"line":20,"column":23},"end":{"line":20,"column":24}},"13":{"start":{"line":21,"column":12},"end":{"line":21,"column":55}},"14":{"start":{"line":24,"column":19},"end":{"line":24,"column":40}},"15":{"start":{"line":25,"column":8},"end":{"line":25,"column":20}},"16":{"start":{"line":29,"column":20},"end":{"line":29,"column":29}},"17":{"start":{"line":30,"column":20},"end":{"line":30,"column":64}},"18":{"start":{"line":31,"column":9},"end":{"line":37,"column":10}},"19":{"start":{"line":33,"column":11},"end":{"line":33,"column":90}},"20":{"start":{"line":36,"column":11},"end":{"line":36,"column":24}},"21":{"start":{"line":51,"column":12},"end":{"line":51,"column":24}},"22":{"start":{"line":52,"column":12},"end":{"line":59,"column":14}},"23":{"start":{"line":61,"column":12},"end":{"line":61,"column":61}},"24":{"start":{"line":66,"column":8},"end":{"line":66,"column":51}},"25":{"start":{"line":74,"column":12},"end":{"line":76,"column":14}},"26":{"start":{"line":80,"column":11},"end":{"line":80,"column":30}},"27":{"start":{"line":82,"column":24},"end":{"line":90,"column":13}},"28":{"start":{"line":91,"column":12},"end":{"line":102,"column":14}},"29":{"start":{"line":99,"column":24},"end":{"line":99,"column":34}},"30":{"start":{"line":101,"column":16},"end":{"line":101,"column":33}},"31":{"start":{"line":111,"column":4},"end":{"line":230,"column":5}}},"fnMap":{"0":{"name":"getjson","decl":{"start":{"line":7,"column":13},"end":{"line":7,"column":20}},"loc":{"start":{"line":7,"column":23},"end":{"line":26,"column":7}},"line":7},"1":{"name":"(anonymous_1)","decl":{"start":{"line":16,"column":71},"end":{"line":16,"column":72}},"loc":{"start":{"line":16,"column":83},"end":{"line":18,"column":11}},"line":16},"2":{"name":"my_confirm1","decl":{"start":{"line":28,"column":16},"end":{"line":28,"column":27}},"loc":{"start":{"line":28,"column":30},"end":{"line":38,"column":8}},"line":28},"3":{"name":"(anonymous_3)","decl":{"start":{"line":50,"column":8},"end":{"line":50,"column":9}},"loc":{"start":{"line":50,"column":27},"end":{"line":63,"column":7}},"line":50},"4":{"name":"(anonymous_4)","decl":{"start":{"line":65,"column":6},"end":{"line":65,"column":7}},"loc":{"start":{"line":65,"column":26},"end":{"line":67,"column":7}},"line":65},"5":{"name":"(anonymous_5)","decl":{"start":{"line":73,"column":8},"end":{"line":73,"column":9}},"loc":{"start":{"line":73,"column":20},"end":{"line":77,"column":9}},"line":73},"6":{"name":"(anonymous_6)","decl":{"start":{"line":78,"column":8},"end":{"line":78,"column":9}},"loc":{"start":{"line":78,"column":20},"end":{"line":103,"column":9}},"line":78},"7":{"name":"(anonymous_7)","decl":{"start":{"line":99,"column":18},"end":{"line":99,"column":19}},"loc":{"start":{"line":99,"column":24},"end":{"line":99,"column":34}},"line":99},"8":{"name":"(anonymous_8)","decl":{"start":{"line":100,"column":18},"end":{"line":100,"column":19}},"loc":{"start":{"line":100,"column":25},"end":{"line":102,"column":13}},"line":100},"9":{"name":"(anonymous_9)","decl":{"start":{"line":106,"column":8},"end":{"line":106,"column":9}},"loc":{"start":{"line":106,"column":17},"end":{"line":231,"column":1}},"line":106}},"branchMap":{"0":{"loc":{"start":{"line":31,"column":9},"end":{"line":37,"column":10}},"type":"if","locations":[{"start":{"line":31,"column":9},"end":{"line":37,"column":10}},{"start":{"line":31,"column":9},"end":{"line":37,"column":10}}],"line":31}},"s":{"0":0,"1":0,"2":0,"3":0,"4":0,"5":0,"6":0,"7":0,"8":0,"9":0,"10":0,"11":0,"12":0,"13":0,"14":0,"15":0,"16":0,"17":0,"18":0,"19":0,"20":0,"21":1,"22":1,"23":1,"24":0,"25":0,"26":0,"27":0,"28":0,"29":0,"30":0,"31":1},"f":{"0":0,"1":0,"2":0,"3":1,"4":0,"5":0,"6":0,"7":0,"8":0,"9":1},"b":{"0":[0,0]},"_coverageSchema":"1a1c01bbd47fc00a2c39e90264f33305004495a9","hash":"857975bb73ddd681320743a05a42ef6c79c726cc"}
,"/Users/mac/Desktop/reopencuapp/frontend-available/src/Product.js": {"path":"/Users/mac/Desktop/reopencuapp/frontend-available/src/Product.js","statementMap":{"0":{"start":{"line":5,"column":4},"end":{"line":16,"column":6}}},"fnMap":{"0":{"name":"Product","decl":{"start":{"line":4,"column":9},"end":{"line":4,"column":16}},"loc":{"start":{"line":4,"column":33},"end":{"line":17,"column":1}},"line":4}},"branchMap":{},"s":{"0":8},"f":{"0":8},"b":{},"_coverageSchema":"1a1c01bbd47fc00a2c39e90264f33305004495a9","hash":"ee2f1c03ae65a60b1a5911dc888cc97a0a7f2d98"}
,"/Users/mac/Desktop/reopencuapp/frontend-available/src/Result.js": {"path":"/Users/mac/Desktop/reopencuapp/frontend-available/src/Result.js","statementMap":{"0":{"start":{"line":8,"column":2},"end":{"line":8,"column":30}},"1":{"start":{"line":18,"column":10},"end":{"line":18,"column":54}},"2":{"start":{"line":24,"column":18},"end":{"line":24,"column":62}},"3":{"start":{"line":25,"column":16},"end":{"line":25,"column":59}},"4":{"start":{"line":26,"column":8},"end":{"line":26,"column":45}},"5":{"start":{"line":26,"column":23},"end":{"line":26,"column":45}},"6":{"start":{"line":27,"column":8},"end":{"line":27,"column":20}},"7":{"start":{"line":30,"column":21},"end":{"line":30,"column":62}},"8":{"start":{"line":31,"column":27},"end":{"line":31,"column":55}},"9":{"start":{"line":32,"column":26},"end":{"line":32,"column":57}},"10":{"start":{"line":33,"column":24},"end":{"line":33,"column":54}},"11":{"start":{"line":35,"column":27},"end":{"line":35,"column":28}},"12":{"start":{"line":36,"column":30},"end":{"line":36,"column":31}},"13":{"start":{"line":37,"column":30},"end":{"line":37,"column":31}},"14":{"start":{"line":38,"column":33},"end":{"line":38,"column":34}},"15":{"start":{"line":39,"column":21},"end":{"line":39,"column":22}},"16":{"start":{"line":40,"column":33},"end":{"line":40,"column":44}},"17":{"start":{"line":41,"column":8},"end":{"line":54,"column":9}},"18":{"start":{"line":42,"column":10},"end":{"line":53,"column":11}},"19":{"start":{"line":43,"column":12},"end":{"line":49,"column":13}},"20":{"start":{"line":44,"column":14},"end":{"line":44,"column":60}},"21":{"start":{"line":45,"column":14},"end":{"line":45,"column":32}},"22":{"start":{"line":47,"column":14},"end":{"line":47,"column":66}},"23":{"start":{"line":48,"column":14},"end":{"line":48,"column":35}},"24":{"start":{"line":50,"column":12},"end":{"line":50,"column":43}},"25":{"start":{"line":52,"column":12},"end":{"line":52,"column":44}},"26":{"start":{"line":55,"column":8},"end":{"line":55,"column":48}},"27":{"start":{"line":63,"column":8},"end":{"line":63,"column":38}},"28":{"start":{"line":64,"column":8},"end":{"line":66,"column":9}},"29":{"start":{"line":64,"column":21},"end":{"line":64,"column":22}},"30":{"start":{"line":65,"column":10},"end":{"line":65,"column":90}},"31":{"start":{"line":68,"column":8},"end":{"line":68,"column":112}},"32":{"start":{"line":69,"column":8},"end":{"line":69,"column":118}},"33":{"start":{"line":70,"column":8},"end":{"line":70,"column":112}},"34":{"start":{"line":71,"column":8},"end":{"line":71,"column":61}},"35":{"start":{"line":73,"column":8},"end":{"line":73,"column":47}},"36":{"start":{"line":74,"column":8},"end":{"line":74,"column":47}},"37":{"start":{"line":75,"column":8},"end":{"line":75,"column":47}},"38":{"start":{"line":76,"column":8},"end":{"line":76,"column":47}},"39":{"start":{"line":77,"column":8},"end":{"line":77,"column":47}},"40":{"start":{"line":78,"column":8},"end":{"line":78,"column":47}},"41":{"start":{"line":79,"column":8},"end":{"line":79,"column":19}},"42":{"start":{"line":87,"column":4},"end":{"line":109,"column":5}}},"fnMap":{"0":{"name":"my_confirm","decl":{"start":{"line":5,"column":9},"end":{"line":5,"column":19}},"loc":{"start":{"line":5,"column":22},"end":{"line":8,"column":31}},"line":5},"1":{"name":"Result","decl":{"start":{"line":10,"column":9},"end":{"line":10,"column":15}},"loc":{"start":{"line":10,"column":18},"end":{"line":110,"column":1}},"line":10},"2":{"name":"again","decl":{"start":{"line":13,"column":13},"end":{"line":13,"column":18}},"loc":{"start":{"line":13,"column":21},"end":{"line":21,"column":5}},"line":13},"3":{"name":"getUrlParam","decl":{"start":{"line":23,"column":13},"end":{"line":23,"column":24}},"loc":{"start":{"line":23,"column":31},"end":{"line":28,"column":7}},"line":23},"4":{"name":"showResult","decl":{"start":{"line":29,"column":15},"end":{"line":29,"column":25}},"loc":{"start":{"line":29,"column":28},"end":{"line":81,"column":7}},"line":29}},"branchMap":{"0":{"loc":{"start":{"line":26,"column":8},"end":{"line":26,"column":45}},"type":"if","locations":[{"start":{"line":26,"column":8},"end":{"line":26,"column":45}},{"start":{"line":26,"column":8},"end":{"line":26,"column":45}}],"line":26},"1":{"loc":{"start":{"line":42,"column":10},"end":{"line":53,"column":11}},"type":"if","locations":[{"start":{"line":42,"column":10},"end":{"line":53,"column":11}},{"start":{"line":42,"column":10},"end":{"line":53,"column":11}}],"line":42},"2":{"loc":{"start":{"line":43,"column":12},"end":{"line":49,"column":13}},"type":"if","locations":[{"start":{"line":43,"column":12},"end":{"line":49,"column":13}},{"start":{"line":43,"column":12},"end":{"line":49,"column":13}}],"line":43}},"s":{"0":1,"1":1,"2":0,"3":0,"4":0,"5":0,"6":0,"7":0,"8":0,"9":0,"10":0,"11":0,"12":0,"13":0,"14":0,"15":0,"16":0,"17":0,"18":0,"19":0,"20":0,"21":0,"22":0,"23":0,"24":0,"25":0,"26":0,"27":0,"28":0,"29":0,"30":0,"31":0,"32":0,"33":0,"34":0,"35":0,"36":0,"37":0,"38":0,"39":0,"40":0,"41":0,"42":3},"f":{"0":1,"1":3,"2":1,"3":0,"4":0},"b":{"0":[0,0],"1":[0,0],"2":[0,0]},"_coverageSchema":"1a1c01bbd47fc00a2c39e90264f33305004495a9","hash":"c725986c3b59e89022bd4a33a6e885889788447d"}
,"/Users/mac/Desktop/reopencuapp/frontend-available/src/StateProvider.js": {"path":"/Users/mac/Desktop/reopencuapp/frontend-available/src/StateProvider.js","statementMap":{"0":{"start":{"line":6,"column":28},"end":{"line":6,"column":43}},"1":{"start":{"line":9,"column":29},"end":{"line":13,"column":1}},"2":{"start":{"line":10,"column":4},"end":{"line":12,"column":28}},"3":{"start":{"line":15,"column":29},"end":{"line":15,"column":59}},"4":{"start":{"line":15,"column":35},"end":{"line":15,"column":59}}},"fnMap":{"0":{"name":"(anonymous_0)","decl":{"start":{"line":9,"column":29},"end":{"line":9,"column":30}},"loc":{"start":{"line":10,"column":4},"end":{"line":12,"column":28}},"line":10},"1":{"name":"(anonymous_1)","decl":{"start":{"line":15,"column":29},"end":{"line":15,"column":30}},"loc":{"start":{"line":15,"column":35},"end":{"line":15,"column":59}},"line":15}},"branchMap":{},"s":{"0":3,"1":3,"2":0,"3":3,"4":6},"f":{"0":0,"1":6},"b":{},"_coverageSchema":"1a1c01bbd47fc00a2c39e90264f33305004495a9","hash":"26e37ddd3e061f5a4f102fe6fb4468c918e40635"}
,"/Users/mac/Desktop/reopencuapp/frontend-available/src/file.js": {"path":"/Users/mac/Desktop/reopencuapp/frontend-available/src/file.js","statementMap":{"0":{"start":{"line":6,"column":8},"end":{"line":6,"column":21}},"1":{"start":{"line":7,"column":8},"end":{"line":7,"column":43}},"2":{"start":{"line":8,"column":8},"end":{"line":12,"column":10}},"3":{"start":{"line":13,"column":8},"end":{"line":13,"column":57}},"4":{"start":{"line":16,"column":13},"end":{"line":27,"column":5}},"5":{"start":{"line":17,"column":21},"end":{"line":17,"column":35}},"6":{"start":{"line":20,"column":8},"end":{"line":20,"column":61}},"7":{"start":{"line":22,"column":8},"end":{"line":25,"column":45}},"8":{"start":{"line":25,"column":29},"end":{"line":25,"column":44}},"9":{"start":{"line":30,"column":8},"end":{"line":30,"column":51}},"10":{"start":{"line":38,"column":12},"end":{"line":40,"column":14}},"11":{"start":{"line":44,"column":4},"end":{"line":44,"column":23}},"12":{"start":{"line":45,"column":17},"end":{"line":47,"column":1}},"13":{"start":{"line":50,"column":8},"end":{"line":61,"column":10}},"14":{"start":{"line":58,"column":20},"end":{"line":58,"column":30}},"15":{"start":{"line":60,"column":12},"end":{"line":60,"column":29}},"16":{"start":{"line":81,"column":8},"end":{"line":108,"column":9}}},"fnMap":{"0":{"name":"(anonymous_0)","decl":{"start":{"line":5,"column":4},"end":{"line":5,"column":5}},"loc":{"start":{"line":5,"column":23},"end":{"line":14,"column":5}},"line":5},"1":{"name":"(anonymous_1)","decl":{"start":{"line":16,"column":13},"end":{"line":16,"column":14}},"loc":{"start":{"line":16,"column":19},"end":{"line":27,"column":5}},"line":16},"2":{"name":"(anonymous_2)","decl":{"start":{"line":25,"column":17},"end":{"line":25,"column":18}},"loc":{"start":{"line":25,"column":29},"end":{"line":25,"column":44}},"line":25},"3":{"name":"(anonymous_3)","decl":{"start":{"line":29,"column":4},"end":{"line":29,"column":5}},"loc":{"start":{"line":29,"column":24},"end":{"line":31,"column":7}},"line":29},"4":{"name":"(anonymous_4)","decl":{"start":{"line":37,"column":8},"end":{"line":37,"column":9}},"loc":{"start":{"line":37,"column":20},"end":{"line":41,"column":9}},"line":37},"5":{"name":"(anonymous_5)","decl":{"start":{"line":43,"column":0},"end":{"line":43,"column":1}},"loc":{"start":{"line":43,"column":12},"end":{"line":63,"column":5}},"line":43},"6":{"name":"(anonymous_6)","decl":{"start":{"line":58,"column":14},"end":{"line":58,"column":15}},"loc":{"start":{"line":58,"column":20},"end":{"line":58,"column":30}},"line":58},"7":{"name":"(anonymous_7)","decl":{"start":{"line":59,"column":14},"end":{"line":59,"column":15}},"loc":{"start":{"line":59,"column":21},"end":{"line":61,"column":9}},"line":59},"8":{"name":"(anonymous_8)","decl":{"start":{"line":79,"column":4},"end":{"line":79,"column":5}},"loc":{"start":{"line":79,"column":13},"end":{"line":109,"column":5}},"line":79}},"branchMap":{},"s":{"0":0,"1":0,"2":0,"3":0,"4":0,"5":0,"6":0,"7":0,"8":0,"9":0,"10":0,"11":0,"12":0,"13":0,"14":0,"15":0,"16":0},"f":{"0":0,"1":0,"2":0,"3":0,"4":0,"5":0,"6":0,"7":0,"8":0},"b":{},"_coverageSchema":"1a1c01bbd47fc00a2c39e90264f33305004495a9","hash":"586e4252773a8297cf306bca5ffdb6dda4c82b30"}
,"/Users/mac/Desktop/reopencuapp/frontend-available/src/fileuser.js": {"path":"/Users/mac/Desktop/reopencuapp/frontend-available/src/fileuser.js","statementMap":{"0":{"start":{"line":6,"column":4},"end":{"line":6,"column":38}},"1":{"start":{"line":14,"column":8},"end":{"line":14,"column":20}},"2":{"start":{"line":15,"column":8},"end":{"line":22,"column":10}},"3":{"start":{"line":24,"column":8},"end":{"line":24,"column":57}},"4":{"start":{"line":29,"column":4},"end":{"line":29,"column":47}},"5":{"start":{"line":37,"column":8},"end":{"line":39,"column":10}},"6":{"start":{"line":43,"column":7},"end":{"line":43,"column":26}},"7":{"start":{"line":45,"column":20},"end":{"line":49,"column":9}},"8":{"start":{"line":50,"column":8},"end":{"line":61,"column":10}},"9":{"start":{"line":58,"column":20},"end":{"line":58,"column":30}},"10":{"start":{"line":60,"column":12},"end":{"line":60,"column":29}},"11":{"start":{"line":70,"column":0},"end":{"line":93,"column":5}}},"fnMap":{"0":{"name":"my_confirm","decl":{"start":{"line":3,"column":9},"end":{"line":3,"column":19}},"loc":{"start":{"line":3,"column":22},"end":{"line":6,"column":39}},"line":3},"1":{"name":"(anonymous_1)","decl":{"start":{"line":13,"column":4},"end":{"line":13,"column":5}},"loc":{"start":{"line":13,"column":23},"end":{"line":26,"column":3}},"line":13},"2":{"name":"(anonymous_2)","decl":{"start":{"line":28,"column":2},"end":{"line":28,"column":3}},"loc":{"start":{"line":28,"column":22},"end":{"line":30,"column":3}},"line":28},"3":{"name":"(anonymous_3)","decl":{"start":{"line":36,"column":4},"end":{"line":36,"column":5}},"loc":{"start":{"line":36,"column":16},"end":{"line":40,"column":5}},"line":36},"4":{"name":"(anonymous_4)","decl":{"start":{"line":41,"column":4},"end":{"line":41,"column":5}},"loc":{"start":{"line":41,"column":16},"end":{"line":62,"column":5}},"line":41},"5":{"name":"(anonymous_5)","decl":{"start":{"line":58,"column":14},"end":{"line":58,"column":15}},"loc":{"start":{"line":58,"column":20},"end":{"line":58,"column":30}},"line":58},"6":{"name":"(anonymous_6)","decl":{"start":{"line":59,"column":14},"end":{"line":59,"column":15}},"loc":{"start":{"line":59,"column":21},"end":{"line":61,"column":9}},"line":59},"7":{"name":"(anonymous_7)","decl":{"start":{"line":65,"column":4},"end":{"line":65,"column":5}},"loc":{"start":{"line":65,"column":13},"end":{"line":94,"column":1}},"line":65}},"branchMap":{},"s":{"0":0,"1":0,"2":0,"3":0,"4":0,"5":0,"6":0,"7":0,"8":0,"9":0,"10":0,"11":0},"f":{"0":0,"1":0,"2":0,"3":0,"4":0,"5":0,"6":0,"7":0},"b":{}}
,"/Users/mac/Desktop/reopencuapp/frontend-available/src/firebase.js": {"path":"/Users/mac/Desktop/reopencuapp/frontend-available/src/firebase.js","statementMap":{"0":{"start":{"line":3,"column":20},"end":{"line":12,"column":2}},"1":{"start":{"line":14,"column":11},"end":{"line":14,"column":34}},"2":{"start":{"line":15,"column":13},"end":{"line":15,"column":28}}},"fnMap":{},"branchMap":{},"s":{"0":4,"1":4,"2":4},"f":{},"b":{},"_coverageSchema":"1a1c01bbd47fc00a2c39e90264f33305004495a9","hash":"7f637c53ced12bfd2004c808c428b29d7123257f"}
,"/Users/mac/Desktop/reopencuapp/frontend-available/src/greenpass.js": {"path":"/Users/mac/Desktop/reopencuapp/frontend-available/src/greenpass.js","statementMap":{"0":{"start":{"line":8,"column":8},"end":{"line":8,"column":36}},"1":{"start":{"line":9,"column":4},"end":{"line":30,"column":5}}},"fnMap":{"0":{"name":"greenpass","decl":{"start":{"line":4,"column":9},"end":{"line":4,"column":18}},"loc":{"start":{"line":4,"column":21},"end":{"line":31,"column":1}},"line":4},"1":{"name":"my_confirm","decl":{"start":{"line":5,"column":13},"end":{"line":5,"column":23}},"loc":{"start":{"line":5,"column":26},"end":{"line":8,"column":37}},"line":5}},"branchMap":{},"s":{"0":0,"1":0},"f":{"0":0,"1":0},"b":{},"_coverageSchema":"1a1c01bbd47fc00a2c39e90264f33305004495a9","hash":"80c3bb1c9406ab5c7a4feae3fa4429a50e4f8737"}
,"/Users/mac/Desktop/reopencuapp/frontend-available/src/homeimage.js": {"path":"/Users/mac/Desktop/reopencuapp/frontend-available/src/homeimage.js","statementMap":{"0":{"start":{"line":5,"column":4},"end":{"line":14,"column":5}}},"fnMap":{"0":{"name":"homeimage","decl":{"start":{"line":4,"column":9},"end":{"line":4,"column":18}},"loc":{"start":{"line":4,"column":21},"end":{"line":15,"column":1}},"line":4}},"branchMap":{},"s":{"0":1},"f":{"0":1},"b":{},"_coverageSchema":"1a1c01bbd47fc00a2c39e90264f33305004495a9","hash":"8f89275e7057cfa77d83bd65c59e8343f2940b1a"}
,"/Users/mac/Desktop/reopencuapp/frontend-available/src/index.js": {"path":"/Users/mac/Desktop/reopencuapp/frontend-available/src/index.js","statementMap":{"0":{"start":{"line":9,"column":0},"end":{"line":17,"column":2}},"1":{"start":{"line":22,"column":0},"end":{"line":22,"column":27}}},"fnMap":{},"branchMap":{},"s":{"0":0,"1":0},"f":{},"b":{}}
,"/Users/mac/Desktop/reopencuapp/frontend-available/src/quanform.js": {"path":"/Users/mac/Desktop/reopencuapp/frontend-available/src/quanform.js","statementMap":{"0":{"start":{"line":10,"column":4},"end":{"line":10,"column":32}},"1":{"start":{"line":21,"column":8},"end":{"line":21,"column":20}},"2":{"start":{"line":22,"column":8},"end":{"line":30,"column":10}},"3":{"start":{"line":31,"column":8},"end":{"line":31,"column":67}},"4":{"start":{"line":32,"column":8},"end":{"line":32,"column":57}},"5":{"start":{"line":37,"column":4},"end":{"line":37,"column":47}},"6":{"start":{"line":47,"column":19},"end":{"line":47,"column":31}},"7":{"start":{"line":48,"column":18},"end":{"line":48,"column":76}},"8":{"start":{"line":49,"column":17},"end":{"line":49,"column":28}},"9":{"start":{"line":51,"column":4},"end":{"line":54,"column":7}},"10":{"start":{"line":59,"column":8},"end":{"line":61,"column":10}},"11":{"start":{"line":65,"column":7},"end":{"line":65,"column":26}},"12":{"start":{"line":67,"column":20},"end":{"line":77,"column":9}},"13":{"start":{"line":78,"column":8},"end":{"line":89,"column":10}},"14":{"start":{"line":86,"column":20},"end":{"line":86,"column":30}},"15":{"start":{"line":88,"column":12},"end":{"line":88,"column":29}},"16":{"start":{"line":94,"column":8},"end":{"line":225,"column":9}}},"fnMap":{"0":{"name":"my_confirm","decl":{"start":{"line":7,"column":9},"end":{"line":7,"column":19}},"loc":{"start":{"line":7,"column":22},"end":{"line":14,"column":1}},"line":7},"1":{"name":"(anonymous_1)","decl":{"start":{"line":20,"column":4},"end":{"line":20,"column":5}},"loc":{"start":{"line":20,"column":23},"end":{"line":34,"column":3}},"line":20},"2":{"name":"(anonymous_2)","decl":{"start":{"line":36,"column":2},"end":{"line":36,"column":3}},"loc":{"start":{"line":36,"column":22},"end":{"line":38,"column":3}},"line":36},"3":{"name":"(anonymous_3)","decl":{"start":{"line":46,"column":2},"end":{"line":46,"column":3}},"loc":{"start":{"line":46,"column":27},"end":{"line":55,"column":3}},"line":46},"4":{"name":"(anonymous_4)","decl":{"start":{"line":58,"column":4},"end":{"line":58,"column":5}},"loc":{"start":{"line":58,"column":16},"end":{"line":62,"column":5}},"line":58},"5":{"name":"(anonymous_5)","decl":{"start":{"line":63,"column":4},"end":{"line":63,"column":5}},"loc":{"start":{"line":63,"column":16},"end":{"line":90,"column":5}},"line":63},"6":{"name":"(anonymous_6)","decl":{"start":{"line":86,"column":14},"end":{"line":86,"column":15}},"loc":{"start":{"line":86,"column":20},"end":{"line":86,"column":30}},"line":86},"7":{"name":"(anonymous_7)","decl":{"start":{"line":87,"column":14},"end":{"line":87,"column":15}},"loc":{"start":{"line":87,"column":21},"end":{"line":89,"column":9}},"line":87},"8":{"name":"(anonymous_8)","decl":{"start":{"line":93,"column":4},"end":{"line":93,"column":5}},"loc":{"start":{"line":93,"column":13},"end":{"line":226,"column":5}},"line":93}},"branchMap":{"0":{"loc":{"start":{"line":48,"column":18},"end":{"line":48,"column":76}},"type":"cond-expr","locations":[{"start":{"line":48,"column":47},"end":{"line":48,"column":61}},{"start":{"line":48,"column":64},"end":{"line":48,"column":76}}],"line":48}},"s":{"0":1,"1":4,"2":3,"3":3,"4":3,"5":0,"6":0,"7":0,"8":0,"9":0,"10":0,"11":1,"12":1,"13":1,"14":0,"15":0,"16":3},"f":{"0":1,"1":4,"2":0,"3":0,"4":0,"5":1,"6":0,"7":0,"8":3},"b":{"0":[0,0]},"_coverageSchema":"1a1c01bbd47fc00a2c39e90264f33305004495a9","hash":"5e66387c59cbc9883d6ad1e1b7bc6ef47c8754de"}
,"/Users/mac/Desktop/reopencuapp/frontend-available/src/reducer.js": {"path":"/Users/mac/Desktop/reopencuapp/frontend-available/src/reducer.js","statementMap":{"0":{"start":{"line":1,"column":28},"end":{"line":4,"column":1}},"1":{"start":{"line":6,"column":16},"end":{"line":24,"column":1}},"2":{"start":{"line":7,"column":4},"end":{"line":7,"column":24}},"3":{"start":{"line":8,"column":4},"end":{"line":23,"column":5}},"4":{"start":{"line":12,"column":12},"end":{"line":15,"column":13}},"5":{"start":{"line":17,"column":12},"end":{"line":20,"column":13}},"6":{"start":{"line":22,"column":12},"end":{"line":22,"column":25}}},"fnMap":{"0":{"name":"(anonymous_0)","decl":{"start":{"line":6,"column":16},"end":{"line":6,"column":17}},"loc":{"start":{"line":6,"column":35},"end":{"line":24,"column":1}},"line":6}},"branchMap":{"0":{"loc":{"start":{"line":8,"column":4},"end":{"line":23,"column":5}},"type":"switch","locations":[{"start":{"line":10,"column":8},"end":{"line":15,"column":13}},{"start":{"line":16,"column":8},"end":{"line":20,"column":13}},{"start":{"line":21,"column":8},"end":{"line":22,"column":25}}],"line":8}},"s":{"0":0,"1":0,"2":0,"3":0,"4":0,"5":0,"6":0},"f":{"0":0},"b":{"0":[0,0,0]}}
,"/Users/mac/Desktop/reopencuapp/frontend-available/src/reportWebVitals.js": {"path":"/Users/mac/Desktop/reopencuapp/frontend-available/src/reportWebVitals.js","statementMap":{"0":{"start":{"line":1,"column":24},"end":{"line":11,"column":1}},"1":{"start":{"line":2,"column":2},"end":{"line":10,"column":3}},"2":{"start":{"line":3,"column":4},"end":{"line":9,"column":7}},"3":{"start":{"line":4,"column":6},"end":{"line":4,"column":26}},"4":{"start":{"line":5,"column":6},"end":{"line":5,"column":26}},"5":{"start":{"line":6,"column":6},"end":{"line":6,"column":26}},"6":{"start":{"line":7,"column":6},"end":{"line":7,"column":26}},"7":{"start":{"line":8,"column":6},"end":{"line":8,"column":27}}},"fnMap":{"0":{"name":"(anonymous_0)","decl":{"start":{"line":1,"column":24},"end":{"line":1,"column":25}},"loc":{"start":{"line":1,"column":39},"end":{"line":11,"column":1}},"line":1},"1":{"name":"(anonymous_1)","decl":{"start":{"line":3,"column":30},"end":{"line":3,"column":31}},"loc":{"start":{"line":3,"column":79},"end":{"line":9,"column":5}},"line":3}},"branchMap":{"0":{"loc":{"start":{"line":2,"column":2},"end":{"line":10,"column":3}},"type":"if","locations":[{"start":{"line":2,"column":2},"end":{"line":10,"column":3}},{"start":{"line":2,"column":2},"end":{"line":10,"column":3}}],"line":2},"1":{"loc":{"start":{"line":2,"column":6},"end":{"line":2,"column":52}},"type":"binary-expr","locations":[{"start":{"line":2,"column":6},"end":{"line":2,"column":17}},{"start":{"line":2,"column":21},"end":{"line":2,"column":52}}],"line":2}},"s":{"0":0,"1":0,"2":0,"3":0,"4":0,"5":0,"6":0,"7":0},"f":{"0":0,"1":0},"b":{"0":[0,0],"1":[0,0]}}
,"/Users/mac/Desktop/reopencuapp/frontend-available/src/serviceWorker.js": {"path":"/Users/mac/Desktop/reopencuapp/frontend-available/src/serviceWorker.js","statementMap":{"0":{"start":{"line":13,"column":20},"end":{"line":21,"column":3}},"1":{"start":{"line":24,"column":4},"end":{"line":54,"column":5}},"2":{"start":{"line":26,"column":24},"end":{"line":26,"column":77}},"3":{"start":{"line":27,"column":6},"end":{"line":32,"column":7}},"4":{"start":{"line":31,"column":8},"end":{"line":31,"column":15}},"5":{"start":{"line":34,"column":6},"end":{"line":53,"column":9}},"6":{"start":{"line":35,"column":22},"end":{"line":35,"column":67}},"7":{"start":{"line":37,"column":8},"end":{"line":52,"column":9}},"8":{"start":{"line":39,"column":10},"end":{"line":39,"column":49}},"9":{"start":{"line":43,"column":10},"end":{"line":48,"column":13}},"10":{"start":{"line":44,"column":12},"end":{"line":47,"column":14}},"11":{"start":{"line":51,"column":10},"end":{"line":51,"column":41}},"12":{"start":{"line":58,"column":4},"end":{"line":98,"column":9}},"13":{"start":{"line":61,"column":8},"end":{"line":94,"column":10}},"14":{"start":{"line":62,"column":35},"end":{"line":62,"column":58}},"15":{"start":{"line":63,"column":10},"end":{"line":65,"column":11}},"16":{"start":{"line":64,"column":12},"end":{"line":64,"column":19}},"17":{"start":{"line":66,"column":10},"end":{"line":93,"column":12}},"18":{"start":{"line":67,"column":12},"end":{"line":92,"column":13}},"19":{"start":{"line":68,"column":14},"end":{"line":91,"column":15}},"20":{"start":{"line":72,"column":16},"end":{"line":75,"column":18}},"21":{"start":{"line":78,"column":16},"end":{"line":80,"column":17}},"22":{"start":{"line":79,"column":18},"end":{"line":79,"column":48}},"23":{"start":{"line":85,"column":16},"end":{"line":85,"column":66}},"24":{"start":{"line":88,"column":16},"end":{"line":90,"column":17}},"25":{"start":{"line":89,"column":18},"end":{"line":89,"column":49}},"26":{"start":{"line":97,"column":8},"end":{"line":97,"column":74}},"27":{"start":{"line":103,"column":4},"end":{"line":128,"column":9}},"28":{"start":{"line":108,"column":28},"end":{"line":108,"column":64}},"29":{"start":{"line":109,"column":8},"end":{"line":122,"column":9}},"30":{"start":{"line":114,"column":10},"end":{"line":118,"column":13}},"31":{"start":{"line":115,"column":12},"end":{"line":117,"column":15}},"32":{"start":{"line":116,"column":14},"end":{"line":116,"column":39}},"33":{"start":{"line":121,"column":10},"end":{"line":121,"column":41}},"34":{"start":{"line":125,"column":8},"end":{"line":127,"column":10}},"35":{"start":{"line":132,"column":4},"end":{"line":140,"column":5}},"36":{"start":{"line":133,"column":6},"end":{"line":139,"column":11}},"37":{"start":{"line":135,"column":10},"end":{"line":135,"column":36}},"38":{"start":{"line":138,"column":10},"end":{"line":138,"column":39}}},"fnMap":{"0":{"name":"register","decl":{"start":{"line":23,"column":18},"end":{"line":23,"column":26}},"loc":{"start":{"line":23,"column":35},"end":{"line":55,"column":3}},"line":23},"1":{"name":"(anonymous_1)","decl":{"start":{"line":34,"column":38},"end":{"line":34,"column":39}},"loc":{"start":{"line":34,"column":44},"end":{"line":53,"column":7}},"line":34},"2":{"name":"(anonymous_2)","decl":{"start":{"line":43,"column":45},"end":{"line":43,"column":46}},"loc":{"start":{"line":43,"column":51},"end":{"line":48,"column":11}},"line":43},"3":{"name":"registerValidSW","decl":{"start":{"line":57,"column":11},"end":{"line":57,"column":26}},"loc":{"start":{"line":57,"column":42},"end":{"line":99,"column":3}},"line":57},"4":{"name":"(anonymous_4)","decl":{"start":{"line":60,"column":12},"end":{"line":60,"column":13}},"loc":{"start":{"line":60,"column":28},"end":{"line":95,"column":7}},"line":60},"5":{"name":"(anonymous_5)","decl":{"start":{"line":61,"column":37},"end":{"line":61,"column":38}},"loc":{"start":{"line":61,"column":43},"end":{"line":94,"column":9}},"line":61},"6":{"name":"(anonymous_6)","decl":{"start":{"line":66,"column":43},"end":{"line":66,"column":44}},"loc":{"start":{"line":66,"column":49},"end":{"line":93,"column":11}},"line":66},"7":{"name":"(anonymous_7)","decl":{"start":{"line":96,"column":13},"end":{"line":96,"column":14}},"loc":{"start":{"line":96,"column":22},"end":{"line":98,"column":7}},"line":96},"8":{"name":"checkValidServiceWorker","decl":{"start":{"line":101,"column":11},"end":{"line":101,"column":34}},"loc":{"start":{"line":101,"column":50},"end":{"line":129,"column":3}},"line":101},"9":{"name":"(anonymous_9)","decl":{"start":{"line":106,"column":12},"end":{"line":106,"column":13}},"loc":{"start":{"line":106,"column":24},"end":{"line":123,"column":7}},"line":106},"10":{"name":"(anonymous_10)","decl":{"start":{"line":114,"column":45},"end":{"line":114,"column":46}},"loc":{"start":{"line":114,"column":61},"end":{"line":118,"column":11}},"line":114},"11":{"name":"(anonymous_11)","decl":{"start":{"line":115,"column":43},"end":{"line":115,"column":44}},"loc":{"start":{"line":115,"column":49},"end":{"line":117,"column":13}},"line":115},"12":{"name":"(anonymous_12)","decl":{"start":{"line":124,"column":13},"end":{"line":124,"column":14}},"loc":{"start":{"line":124,"column":19},"end":{"line":128,"column":7}},"line":124},"13":{"name":"unregister","decl":{"start":{"line":131,"column":18},"end":{"line":131,"column":28}},"loc":{"start":{"line":131,"column":31},"end":{"line":141,"column":3}},"line":131},"14":{"name":"(anonymous_14)","decl":{"start":{"line":134,"column":14},"end":{"line":134,"column":15}},"loc":{"start":{"line":134,"column":30},"end":{"line":136,"column":9}},"line":134},"15":{"name":"(anonymous_15)","decl":{"start":{"line":137,"column":15},"end":{"line":137,"column":16}},"loc":{"start":{"line":137,"column":24},"end":{"line":139,"column":9}},"line":137}},"branchMap":{"0":{"loc":{"start":{"line":14,"column":4},"end":{"line":20,"column":7}},"type":"binary-expr","locations":[{"start":{"line":14,"column":4},"end":{"line":14,"column":44}},{"start":{"line":16,"column":6},"end":{"line":16,"column":42}},{"start":{"line":18,"column":6},"end":{"line":20,"column":7}}],"line":14},"1":{"loc":{"start":{"line":24,"column":4},"end":{"line":54,"column":5}},"type":"if","locations":[{"start":{"line":24,"column":4},"end":{"line":54,"column":5}},{"start":{"line":24,"column":4},"end":{"line":54,"column":5}}],"line":24},"2":{"loc":{"start":{"line":24,"column":8},"end":{"line":24,"column":77}},"type":"binary-expr","locations":[{"start":{"line":24,"column":8},"end":{"line":24,"column":45}},{"start":{"line":24,"column":49},"end":{"line":24,"column":77}}],"line":24},"3":{"loc":{"start":{"line":27,"column":6},"end":{"line":32,"column":7}},"type":"if","locations":[{"start":{"line":27,"column":6},"end":{"line":32,"column":7}},{"start":{"line":27,"column":6},"end":{"line":32,"column":7}}],"line":27},"4":{"loc":{"start":{"line":37,"column":8},"end":{"line":52,"column":9}},"type":"if","locations":[{"start":{"line":37,"column":8},"end":{"line":52,"column":9}},{"start":{"line":37,"column":8},"end":{"line":52,"column":9}}],"line":37},"5":{"loc":{"start":{"line":63,"column":10},"end":{"line":65,"column":11}},"type":"if","locations":[{"start":{"line":63,"column":10},"end":{"line":65,"column":11}},{"start":{"line":63,"column":10},"end":{"line":65,"column":11}}],"line":63},"6":{"loc":{"start":{"line":67,"column":12},"end":{"line":92,"column":13}},"type":"if","locations":[{"start":{"line":67,"column":12},"end":{"line":92,"column":13}},{"start":{"line":67,"column":12},"end":{"line":92,"column":13}}],"line":67},"7":{"loc":{"start":{"line":68,"column":14},"end":{"line":91,"column":15}},"type":"if","locations":[{"start":{"line":68,"column":14},"end":{"line":91,"column":15}},{"start":{"line":68,"column":14},"end":{"line":91,"column":15}}],"line":68},"8":{"loc":{"start":{"line":78,"column":16},"end":{"line":80,"column":17}},"type":"if","locations":[{"start":{"line":78,"column":16},"end":{"line":80,"column":17}},{"start":{"line":78,"column":16},"end":{"line":80,"column":17}}],"line":78},"9":{"loc":{"start":{"line":78,"column":20},"end":{"line":78,"column":45}},"type":"binary-expr","locations":[{"start":{"line":78,"column":20},"end":{"line":78,"column":26}},{"start":{"line":78,"column":30},"end":{"line":78,"column":45}}],"line":78},"10":{"loc":{"start":{"line":88,"column":16},"end":{"line":90,"column":17}},"type":"if","locations":[{"start":{"line":88,"column":16},"end":{"line":90,"column":17}},{"start":{"line":88,"column":16},"end":{"line":90,"column":17}}],"line":88},"11":{"loc":{"start":{"line":88,"column":20},"end":{"line":88,"column":46}},"type":"binary-expr","locations":[{"start":{"line":88,"column":20},"end":{"line":88,"column":26}},{"start":{"line":88,"column":30},"end":{"line":88,"column":46}}],"line":88},"12":{"loc":{"start":{"line":109,"column":8},"end":{"line":122,"column":9}},"type":"if","locations":[{"start":{"line":109,"column":8},"end":{"line":122,"column":9}},{"start":{"line":109,"column":8},"end":{"line":122,"column":9}}],"line":109},"13":{"loc":{"start":{"line":110,"column":10},"end":{"line":111,"column":75}},"type":"binary-expr","locations":[{"start":{"line":110,"column":10},"end":{"line":110,"column":33}},{"start":{"line":111,"column":11},"end":{"line":111,"column":30}},{"start":{"line":111,"column":34},"end":{"line":111,"column":74}}],"line":110},"14":{"loc":{"start":{"line":132,"column":4},"end":{"line":140,"column":5}},"type":"if","locations":[{"start":{"line":132,"column":4},"end":{"line":140,"column":5}},{"start":{"line":132,"column":4},"end":{"line":140,"column":5}}],"line":132}},"s":{"0":0,"1":0,"2":0,"3":0,"4":0,"5":0,"6":0,"7":0,"8":0,"9":0,"10":0,"11":0,"12":0,"13":0,"14":0,"15":0,"16":0,"17":0,"18":0,"19":0,"20":0,"21":0,"22":0,"23":0,"24":0,"25":0,"26":0,"27":0,"28":0,"29":0,"30":0,"31":0,"32":0,"33":0,"34":0,"35":0,"36":0,"37":0,"38":0},"f":{"0":0,"1":0,"2":0,"3":0,"4":0,"5":0,"6":0,"7":0,"8":0,"9":0,"10":0,"11":0,"12":0,"13":0,"14":0,"15":0},"b":{"0":[0,0,0],"1":[0,0],"2":[0,0],"3":[0,0],"4":[0,0],"5":[0,0],"6":[0,0],"7":[0,0],"8":[0,0],"9":[0,0],"10":[0,0],"11":[0,0],"12":[0,0],"13":[0,0,0],"14":[0,0]}}
,"/Users/mac/Desktop/reopencuapp/frontend-available/src/username.js": {"path":"/Users/mac/Desktop/reopencuapp/frontend-available/src/username.js","statementMap":{"0":{"start":{"line":4,"column":22},"end":{"line":6,"column":16}},"1":{"start":{"line":7,"column":4},"end":{"line":14,"column":6}},"2":{"start":{"line":10,"column":27},"end":{"line":10,"column":42}}},"fnMap":{"0":{"name":"Square","decl":{"start":{"line":3,"column":9},"end":{"line":3,"column":15}},"loc":{"start":{"line":3,"column":23},"end":{"line":15,"column":1}},"line":3},"1":{"name":"(anonymous_1)","decl":{"start":{"line":10,"column":21},"end":{"line":10,"column":22}},"loc":{"start":{"line":10,"column":27},"end":{"line":10,"column":42}},"line":10}},"branchMap":{"0":{"loc":{"start":{"line":4,"column":22},"end":{"line":6,"column":16}},"type":"cond-expr","locations":[{"start":{"line":5,"column":8},"end":{"line":5,"column":31}},{"start":{"line":6,"column":8},"end":{"line":6,"column":16}}],"line":4}},"s":{"0":8,"1":8,"2":2},"f":{"0":8,"1":2},"b":{"0":[2,6]},"_coverageSchema":"1a1c01bbd47fc00a2c39e90264f33305004495a9","hash":"301ce15ea8cc8711cf094a1cc06aa6f0c8784841"}
,"/Users/mac/Desktop/reopencuapp/frontend-available/src/yellowpass.js": {"path":"/Users/mac/Desktop/reopencuapp/frontend-available/src/yellowpass.js","statementMap":{"0":{"start":{"line":8,"column":8},"end":{"line":8,"column":36}},"1":{"start":{"line":9,"column":4},"end":{"line":30,"column":5}}},"fnMap":{"0":{"name":"yellowpass","decl":{"start":{"line":4,"column":9},"end":{"line":4,"column":19}},"loc":{"start":{"line":4,"column":22},"end":{"line":31,"column":1}},"line":4},"1":{"name":"my_confirm","decl":{"start":{"line":5,"column":13},"end":{"line":5,"column":23}},"loc":{"start":{"line":5,"column":26},"end":{"line":8,"column":37}},"line":5}},"branchMap":{},"s":{"0":1,"1":2},"f":{"0":2,"1":1},"b":{},"_coverageSchema":"1a1c01bbd47fc00a2c39e90264f33305004495a9","hash":"f611f1bef19e3197b4c27bb009c1828a60d57ef9"}
,"/Users/mac/Desktop/reopencuapp/frontend-available/src/quan/index.js": {"path":"/Users/mac/Desktop/reopencuapp/frontend-available/src/quan/index.js","statementMap":{"0":{"start":{"line":3,"column":17},"end":{"line":3,"column":50}},"1":{"start":{"line":4,"column":15},"end":{"line":4,"column":46}},"2":{"start":{"line":5,"column":16},"end":{"line":5,"column":48}},"3":{"start":{"line":8,"column":14},"end":{"line":8,"column":34}},"4":{"start":{"line":9,"column":14},"end":{"line":9,"column":27}},"5":{"start":{"line":12,"column":4},"end":{"line":12,"column":32}},"6":{"start":{"line":15,"column":4},"end":{"line":15,"column":61}},"7":{"start":{"line":18,"column":4},"end":{"line":25,"column":6}},"8":{"start":{"line":19,"column":8},"end":{"line":24,"column":9}},"9":{"start":{"line":22,"column":12},"end":{"line":22,"column":49}},"10":{"start":{"line":28,"column":15},"end":{"line":28,"column":75}},"11":{"start":{"line":31,"column":4},"end":{"line":31,"column":19}}},"fnMap":{"0":{"name":"sendJSON","decl":{"start":{"line":1,"column":9},"end":{"line":1,"column":17}},"loc":{"start":{"line":1,"column":19},"end":{"line":32,"column":1}},"line":1},"1":{"name":"(anonymous_1)","decl":{"start":{"line":18,"column":29},"end":{"line":18,"column":30}},"loc":{"start":{"line":18,"column":41},"end":{"line":25,"column":5}},"line":18}},"branchMap":{"0":{"loc":{"start":{"line":19,"column":8},"end":{"line":24,"column":9}},"type":"if","locations":[{"start":{"line":19,"column":8},"end":{"line":24,"column":9}},{"start":{"line":19,"column":8},"end":{"line":24,"column":9}}],"line":19},"1":{"loc":{"start":{"line":19,"column":12},"end":{"line":19,"column":54}},"type":"binary-expr","locations":[{"start":{"line":19,"column":12},"end":{"line":19,"column":32}},{"start":{"line":19,"column":36},"end":{"line":19,"column":54}}],"line":19}},"s":{"0":0,"1":0,"2":0,"3":0,"4":0,"5":0,"6":0,"7":0,"8":0,"9":0,"10":0,"11":0},"f":{"0":0,"1":0},"b":{"0":[0,0],"1":[0,0]}}
}
