TN:
SF:src/App.js
FN:26,App
FN:29,(anonymous_1)
FN:32,(anonymous_2)
FNF:3
FNH:1
FNDA:3,App
FNDA:0,(anonymous_1)
FNDA:0,(anonymous_2)
DA:27,3
DA:29,0
DA:32,0
DA:33,0
DA:35,0
DA:38,0
DA:44,0
DA:75,0
DA:77,0
LF:9
LH:1
BRDA:35,0,0,0
BRDA:35,0,1,0
BRF:2
BRH:0
end_of_record
TN:
SF:src/Form.js
FN:10,(anonymous_0)
FN:33,(anonymous_1)
FN:43,(anonymous_2)
FN:56,(anonymous_3)
FN:61,(anonymous_4)
FN:87,(anonymous_5)
FN:89,(anonymous_6)
FN:92,(anonymous_7)
FN:105,(anonymous_8)
FNF:9
FNH:3
FNDA:1,(anonymous_0)
FNDA:0,(anonymous_1)
FNDA:0,(anonymous_2)
FNDA:0,(anonymous_3)
FNDA:0,(anonymous_4)
FNDA:0,(anonymous_5)
FNDA:0,(anonymous_6)
FNDA:1,(anonymous_7)
FNDA:1,(anonymous_8)
DA:11,1
DA:12,1
DA:28,1
DA:29,1
DA:34,0
DA:44,0
DA:45,0
DA:46,0
DA:48,0
DA:57,0
DA:63,0
DA:65,0
DA:79,0
DA:87,0
DA:89,0
DA:95,1
DA:97,0
DA:99,1
DA:100,0
DA:106,1
DA:107,1
LF:21
LH:8
BRDA:45,0,0,0
BRDA:45,0,1,0
BRDA:95,1,0,0
BRDA:95,1,1,1
BRDA:99,2,0,0
BRDA:99,2,1,1
BRF:6
BRH:2
end_of_record
TN:
SF:src/Header.js
FN:18,to
FN:22,to1
FN:25,Header
FN:41,(anonymous_3)
FNF:4
FNH:1
FNDA:0,to
FNDA:0,to1
FNDA:3,Header
FNDA:0,(anonymous_3)
DA:19,0
DA:21,0
DA:24,0
DA:38,3
DA:41,0
DA:42,0
DA:43,0
DA:47,0
LF:8
LH:1
BRDA:42,0,0,0
BRDA:42,0,1,0
BRDA:73,1,0,0
BRDA:73,1,1,0
BRDA:75,2,0,0
BRDA:75,2,1,0
BRDA:77,3,0,0
BRDA:77,3,1,0
BRF:8
BRH:0
end_of_record
TN:
SF:src/Header2.js
FN:9,Header
FNF:1
FNH:1
FNDA:1,Header
DA:12,1
LF:1
LH:1
BRF:0
BRH:0
end_of_record
TN:
SF:src/Home.js
FN:6,Home
FNF:1
FNH:1
FNDA:1,Home
DA:7,1
LF:1
LH:1
BRF:0
BRH:0
end_of_record
TN:
SF:src/Login.js
FN:8,componentDidMount
FN:16,(anonymous_1)
FN:20,Login
FN:25,(anonymous_3)
FN:33,(anonymous_4)
FN:36,(anonymous_5)
FN:41,(anonymous_6)
FN:47,(anonymous_7)
FN:65,(anonymous_8)
FN:68,(anonymous_9)
FNF:10
FNH:5
FNDA:0,componentDidMount
FNDA:0,(anonymous_1)
FNDA:3,Login
FNDA:1,(anonymous_3)
FNDA:1,(anonymous_4)
FNDA:1,(anonymous_5)
FNDA:0,(anonymous_6)
FNDA:1,(anonymous_7)
FNDA:0,(anonymous_8)
FNDA:0,(anonymous_9)
DA:10,0
DA:15,0
DA:16,0
DA:21,3
DA:22,3
DA:23,3
DA:25,3
DA:26,1
DA:28,1
DA:33,1
DA:36,3
DA:37,1
DA:39,1
DA:43,0
DA:44,0
DA:47,1
DA:50,3
DA:65,0
DA:68,0
LF:19
LH:12
BRDA:43,0,0,0
BRDA:43,0,1,0
BRF:2
BRH:0
end_of_record
TN:
SF:src/PCHome.js
FN:5,PCHome
FNF:1
FNH:1
FNDA:1,PCHome
DA:6,1
LF:1
LH:1
BRF:0
BRH:0
end_of_record
TN:
SF:src/Pretraining.js
FN:7,getjson
FN:16,(anonymous_1)
FN:28,my_confirm1
FN:50,(anonymous_3)
FN:65,(anonymous_4)
FN:73,(anonymous_5)
FN:78,(anonymous_6)
FN:99,(anonymous_7)
FN:100,(anonymous_8)
FN:106,(anonymous_9)
FNF:10
FNH:2
FNDA:0,getjson
FNDA:0,(anonymous_1)
FNDA:0,my_confirm1
FNDA:1,(anonymous_3)
FNDA:0,(anonymous_4)
FNDA:0,(anonymous_5)
FNDA:0,(anonymous_6)
FNDA:0,(anonymous_7)
FNDA:0,(anonymous_8)
FNDA:1,(anonymous_9)
DA:8,0
DA:9,0
DA:10,0
DA:11,0
DA:13,0
DA:14,0
DA:15,0
DA:16,0
DA:17,0
DA:19,0
DA:20,0
DA:21,0
DA:24,0
DA:25,0
DA:29,0
DA:30,0
DA:31,0
DA:33,0
DA:36,0
DA:51,1
DA:52,1
DA:61,1
DA:66,0
DA:74,0
DA:80,0
DA:82,0
DA:91,0
DA:99,0
DA:101,0
DA:111,1
LF:30
LH:4
BRDA:31,0,0,0
BRDA:31,0,1,0
BRF:2
BRH:0
end_of_record
TN:
SF:src/Product.js
FN:4,Product
FNF:1
FNH:1
FNDA:8,Product
DA:5,8
LF:1
LH:1
BRF:0
BRH:0
end_of_record
TN:
SF:src/Result.js
FN:5,my_confirm
FN:10,Result
FN:13,again
FN:23,getUrlParam
FN:29,showResult
FNF:5
FNH:3
FNDA:1,my_confirm
FNDA:3,Result
FNDA:1,again
FNDA:0,getUrlParam
FNDA:0,showResult
DA:8,1
DA:18,1
DA:24,0
DA:25,0
DA:26,0
DA:27,0
DA:30,0
DA:31,0
DA:32,0
DA:33,0
DA:35,0
DA:36,0
DA:37,0
DA:38,0
DA:39,0
DA:40,0
DA:41,0
DA:42,0
DA:43,0
DA:44,0
DA:45,0
DA:47,0
DA:48,0
DA:50,0
DA:52,0
DA:55,0
DA:63,0
DA:64,0
DA:65,0
DA:68,0
DA:69,0
DA:70,0
DA:71,0
DA:73,0
DA:74,0
DA:75,0
DA:76,0
DA:77,0
DA:78,0
DA:79,0
DA:87,3
LF:41
LH:3
BRDA:26,0,0,0
BRDA:26,0,1,0
BRDA:42,1,0,0
BRDA:42,1,1,0
BRDA:43,2,0,0
BRDA:43,2,1,0
BRF:6
BRH:0
end_of_record
TN:
SF:src/StateProvider.js
FN:9,(anonymous_0)
FN:15,(anonymous_1)
FNF:2
FNH:1
FNDA:0,(anonymous_0)
FNDA:6,(anonymous_1)
DA:6,3
DA:9,3
DA:10,0
DA:15,6
LF:4
LH:3
BRF:0
BRH:0
end_of_record
TN:
SF:src/file.js
FN:5,(anonymous_0)
FN:16,(anonymous_1)
FN:25,(anonymous_2)
FN:29,(anonymous_3)
FN:37,(anonymous_4)
FN:43,(anonymous_5)
FN:58,(anonymous_6)
FN:59,(anonymous_7)
FN:79,(anonymous_8)
FNF:9
FNH:0
FNDA:0,(anonymous_0)
FNDA:0,(anonymous_1)
FNDA:0,(anonymous_2)
FNDA:0,(anonymous_3)
FNDA:0,(anonymous_4)
FNDA:0,(anonymous_5)
FNDA:0,(anonymous_6)
FNDA:0,(anonymous_7)
FNDA:0,(anonymous_8)
DA:6,0
DA:7,0
DA:8,0
DA:13,0
DA:16,0
DA:17,0
DA:20,0
DA:22,0
DA:25,0
DA:30,0
DA:38,0
DA:44,0
DA:45,0
DA:50,0
DA:58,0
DA:60,0
DA:81,0
LF:17
LH:0
BRF:0
BRH:0
end_of_record
TN:
SF:src/fileuser.js
FN:3,my_confirm
FN:13,(anonymous_1)
FN:28,(anonymous_2)
FN:36,(anonymous_3)
FN:41,(anonymous_4)
FN:58,(anonymous_5)
FN:59,(anonymous_6)
FN:65,(anonymous_7)
FNF:8
FNH:0
FNDA:0,my_confirm
FNDA:0,(anonymous_1)
FNDA:0,(anonymous_2)
FNDA:0,(anonymous_3)
FNDA:0,(anonymous_4)
FNDA:0,(anonymous_5)
FNDA:0,(anonymous_6)
FNDA:0,(anonymous_7)
DA:6,0
DA:14,0
DA:15,0
DA:24,0
DA:29,0
DA:37,0
DA:43,0
DA:45,0
DA:50,0
DA:58,0
DA:60,0
DA:70,0
LF:12
LH:0
BRF:0
BRH:0
end_of_record
TN:
SF:src/firebase.js
FNF:0
FNH:0
DA:3,4
DA:14,4
DA:15,4
LF:3
LH:3
BRF:0
BRH:0
end_of_record
TN:
SF:src/greenpass.js
FN:4,greenpass
FN:5,my_confirm
FNF:2
FNH:0
FNDA:0,greenpass
FNDA:0,my_confirm
DA:8,0
DA:9,0
LF:2
LH:0
BRF:0
BRH:0
end_of_record
TN:
SF:src/homeimage.js
FN:4,homeimage
FNF:1
FNH:1
FNDA:1,homeimage
DA:5,1
LF:1
LH:1
BRF:0
BRH:0
end_of_record
TN:
SF:src/index.js
FNF:0
FNH:0
DA:9,0
DA:22,0
LF:2
LH:0
BRF:0
BRH:0
end_of_record
TN:
SF:src/quanform.js
FN:7,my_confirm
FN:20,(anonymous_1)
FN:36,(anonymous_2)
FN:46,(anonymous_3)
FN:58,(anonymous_4)
FN:63,(anonymous_5)
FN:86,(anonymous_6)
FN:87,(anonymous_7)
FN:93,(anonymous_8)
FNF:9
FNH:4
FNDA:1,my_confirm
FNDA:4,(anonymous_1)
FNDA:0,(anonymous_2)
FNDA:0,(anonymous_3)
FNDA:0,(anonymous_4)
FNDA:1,(anonymous_5)
FNDA:0,(anonymous_6)
FNDA:0,(anonymous_7)
FNDA:3,(anonymous_8)
DA:10,1
DA:21,4
DA:22,3
DA:31,3
DA:32,3
DA:37,0
DA:47,0
DA:48,0
DA:49,0
DA:51,0
DA:59,0
DA:65,1
DA:67,1
DA:78,1
DA:86,0
DA:88,0
DA:94,3
LF:17
LH:9
BRDA:48,0,0,0
BRDA:48,0,1,0
BRF:2
BRH:0
end_of_record
TN:
SF:src/reducer.js
FN:6,(anonymous_0)
FNF:1
FNH:0
FNDA:0,(anonymous_0)
DA:1,0
DA:6,0
DA:7,0
DA:8,0
DA:12,0
DA:17,0
DA:22,0
LF:7
LH:0
BRDA:8,0,0,0
BRDA:8,0,1,0
BRDA:8,0,2,0
BRF:3
BRH:0
end_of_record
TN:
SF:src/reportWebVitals.js
FN:1,(anonymous_0)
FN:3,(anonymous_1)
FNF:2
FNH:0
FNDA:0,(anonymous_0)
FNDA:0,(anonymous_1)
DA:1,0
DA:2,0
DA:3,0
DA:4,0
DA:5,0
DA:6,0
DA:7,0
DA:8,0
LF:8
LH:0
BRDA:2,0,0,0
BRDA:2,0,1,0
BRDA:2,1,0,0
BRDA:2,1,1,0
BRF:4
BRH:0
end_of_record
TN:
SF:src/serviceWorker.js
FN:23,register
FN:34,(anonymous_1)
FN:43,(anonymous_2)
FN:57,registerValidSW
FN:60,(anonymous_4)
FN:61,(anonymous_5)
FN:66,(anonymous_6)
FN:96,(anonymous_7)
FN:101,checkValidServiceWorker
FN:106,(anonymous_9)
FN:114,(anonymous_10)
FN:115,(anonymous_11)
FN:124,(anonymous_12)
FN:131,unregister
FN:134,(anonymous_14)
FN:137,(anonymous_15)
FNF:16
FNH:0
FNDA:0,register
FNDA:0,(anonymous_1)
FNDA:0,(anonymous_2)
FNDA:0,registerValidSW
FNDA:0,(anonymous_4)
FNDA:0,(anonymous_5)
FNDA:0,(anonymous_6)
FNDA:0,(anonymous_7)
FNDA:0,checkValidServiceWorker
FNDA:0,(anonymous_9)
FNDA:0,(anonymous_10)
FNDA:0,(anonymous_11)
FNDA:0,(anonymous_12)
FNDA:0,unregister
FNDA:0,(anonymous_14)
FNDA:0,(anonymous_15)
DA:13,0
DA:24,0
DA:26,0
DA:27,0
DA:31,0
DA:34,0
DA:35,0
DA:37,0
DA:39,0
DA:43,0
DA:44,0
DA:51,0
DA:58,0
DA:61,0
DA:62,0
DA:63,0
DA:64,0
DA:66,0
DA:67,0
DA:68,0
DA:72,0
DA:78,0
DA:79,0
DA:85,0
DA:88,0
DA:89,0
DA:97,0
DA:103,0
DA:108,0
DA:109,0
DA:114,0
DA:115,0
DA:116,0
DA:121,0
DA:125,0
DA:132,0
DA:133,0
DA:135,0
DA:138,0
LF:39
LH:0
BRDA:14,0,0,0
BRDA:14,0,1,0
BRDA:14,0,2,0
BRDA:24,1,0,0
BRDA:24,1,1,0
BRDA:24,2,0,0
BRDA:24,2,1,0
BRDA:27,3,0,0
BRDA:27,3,1,0
BRDA:37,4,0,0
BRDA:37,4,1,0
BRDA:63,5,0,0
BRDA:63,5,1,0
BRDA:67,6,0,0
BRDA:67,6,1,0
BRDA:68,7,0,0
BRDA:68,7,1,0
BRDA:78,8,0,0
BRDA:78,8,1,0
BRDA:78,9,0,0
BRDA:78,9,1,0
BRDA:88,10,0,0
BRDA:88,10,1,0
BRDA:88,11,0,0
BRDA:88,11,1,0
BRDA:109,12,0,0
BRDA:109,12,1,0
BRDA:110,13,0,0
BRDA:110,13,1,0
BRDA:110,13,2,0
BRDA:132,14,0,0
BRDA:132,14,1,0
BRF:32
BRH:0
end_of_record
TN:
SF:src/username.js
FN:3,Square
FN:10,(anonymous_1)
FNF:2
FNH:2
FNDA:8,Square
FNDA:2,(anonymous_1)
DA:4,8
DA:7,8
DA:10,2
LF:3
LH:3
BRDA:4,0,0,2
BRDA:4,0,1,6
BRF:2
BRH:2
end_of_record
TN:
SF:src/yellowpass.js
FN:4,yellowpass
FN:5,my_confirm
FNF:2
FNH:2
FNDA:2,yellowpass
FNDA:1,my_confirm
DA:8,1
DA:9,2
LF:2
LH:2
BRF:0
BRH:0
end_of_record
TN:
SF:src/quan/index.js
FN:1,sendJSON
FN:18,(anonymous_1)
FNF:2
FNH:0
FNDA:0,sendJSON
FNDA:0,(anonymous_1)
DA:3,0
DA:4,0
DA:5,0
DA:8,0
DA:9,0
DA:12,0
DA:15,0
DA:18,0
DA:19,0
DA:22,0
DA:28,0
DA:31,0
LF:12
LH:0
BRDA:19,0,0,0
BRDA:19,0,1,0
BRDA:19,1,0,0
BRDA:19,1,1,0
BRF:4
BRH:0
end_of_record
