<?xml version="1.0" encoding="UTF-8"?>
<coverage generated="1605828454801" clover="3.2.0">
  <project timestamp="1605828454802" name="All files">
    <metrics statements="96" coveredstatements="15" conditionals="51" coveredconditionals="0" methods="37" coveredmethods="5" elements="184" coveredelements="20" complexity="0" loc="96" ncloc="96" packages="1" files="11" classes="11"/>
    <file name="App.js" path="C:\Users\yiifa\OneDrive\桌面\Initial_dream\amzon-clone\src\App.js">
      <metrics statements="9" coveredstatements="0" conditionals="2" coveredconditionals="0" methods="3" coveredmethods="0"/>
      <line num="12" count="0" type="stmt"/>
      <line num="14" count="0" type="stmt"/>
      <line num="17" count="0" type="stmt"/>
      <line num="18" count="0" type="stmt"/>
      <line num="20" count="0" type="cond" truecount="0" falsecount="2"/>
      <line num="23" count="0" type="stmt"/>
      <line num="29" count="0" type="stmt"/>
      <line num="60" count="0" type="stmt"/>
      <line num="62" count="0" type="stmt"/>
    </file>
    <file name="Header.js" path="C:\Users\yiifa\OneDrive\桌面\Initial_dream\amzon-clone\src\Header.js">
      <metrics statements="5" coveredstatements="1" conditionals="8" coveredconditionals="0" methods="2" coveredmethods="1"/>
      <line num="10" count="3" type="stmt"/>
      <line num="13" count="0" type="stmt"/>
      <line num="14" count="0" type="cond" truecount="0" falsecount="2"/>
      <line num="15" count="0" type="stmt"/>
      <line num="19" count="0" type="stmt"/>
    </file>
    <file name="Home.js" path="C:\Users\yiifa\OneDrive\桌面\Initial_dream\amzon-clone\src\Home.js">
      <metrics statements="1" coveredstatements="1" conditionals="0" coveredconditionals="0" methods="1" coveredmethods="1"/>
      <line num="7" count="1" type="stmt"/>
    </file>
    <file name="Login.js" path="C:\Users\yiifa\OneDrive\桌面\Initial_dream\amzon-clone\src\Login.js">
      <metrics statements="17" coveredstatements="6" conditionals="2" coveredconditionals="0" methods="9" coveredmethods="1"/>
      <line num="8" count="3" type="stmt"/>
      <line num="9" count="3" type="stmt"/>
      <line num="10" count="3" type="stmt"/>
      <line num="12" count="3" type="stmt"/>
      <line num="13" count="0" type="stmt"/>
      <line num="15" count="0" type="stmt"/>
      <line num="18" count="0" type="stmt"/>
      <line num="20" count="0" type="stmt"/>
      <line num="23" count="3" type="stmt"/>
      <line num="24" count="0" type="stmt"/>
      <line num="26" count="0" type="stmt"/>
      <line num="30" count="0" type="cond" truecount="0" falsecount="2"/>
      <line num="31" count="0" type="stmt"/>
      <line num="34" count="0" type="stmt"/>
      <line num="37" count="3" type="stmt"/>
      <line num="52" count="0" type="stmt"/>
      <line num="55" count="0" type="stmt"/>
    </file>
    <file name="Product.js" path="C:\Users\yiifa\OneDrive\桌面\Initial_dream\amzon-clone\src\Product.js">
      <metrics statements="1" coveredstatements="1" conditionals="0" coveredconditionals="0" methods="1" coveredmethods="1"/>
      <line num="4" count="4" type="stmt"/>
    </file>
    <file name="StateProvider.js" path="C:\Users\yiifa\OneDrive\桌面\Initial_dream\amzon-clone\src\StateProvider.js">
      <metrics statements="4" coveredstatements="3" conditionals="0" coveredconditionals="0" methods="2" coveredmethods="1"/>
      <line num="6" count="1" type="stmt"/>
      <line num="9" count="1" type="stmt"/>
      <line num="10" count="0" type="stmt"/>
      <line num="15" count="3" type="stmt"/>
    </file>
    <file name="firebase.js" path="C:\Users\yiifa\OneDrive\桌面\Initial_dream\amzon-clone\src\firebase.js">
      <metrics statements="3" coveredstatements="3" conditionals="0" coveredconditionals="0" methods="0" coveredmethods="0"/>
      <line num="3" count="2" type="stmt"/>
      <line num="14" count="2" type="stmt"/>
      <line num="15" count="2" type="stmt"/>
    </file>
    <file name="index.js" path="C:\Users\yiifa\OneDrive\桌面\Initial_dream\amzon-clone\src\index.js">
      <metrics statements="2" coveredstatements="0" conditionals="0" coveredconditionals="0" methods="0" coveredmethods="0"/>
      <line num="9" count="0" type="stmt"/>
      <line num="22" count="0" type="stmt"/>
    </file>
    <file name="reducer.js" path="C:\Users\yiifa\OneDrive\桌面\Initial_dream\amzon-clone\src\reducer.js">
      <metrics statements="7" coveredstatements="0" conditionals="3" coveredconditionals="0" methods="1" coveredmethods="0"/>
      <line num="1" count="0" type="stmt"/>
      <line num="6" count="0" type="stmt"/>
      <line num="7" count="0" type="stmt"/>
      <line num="8" count="0" type="cond" truecount="0" falsecount="3"/>
      <line num="11" count="0" type="stmt"/>
      <line num="16" count="0" type="stmt"/>
      <line num="21" count="0" type="stmt"/>
    </file>
    <file name="reportWebVitals.js" path="C:\Users\yiifa\OneDrive\桌面\Initial_dream\amzon-clone\src\reportWebVitals.js">
      <metrics statements="8" coveredstatements="0" conditionals="4" coveredconditionals="0" methods="2" coveredmethods="0"/>
      <line num="1" count="0" type="stmt"/>
      <line num="2" count="0" type="cond" truecount="0" falsecount="4"/>
      <line num="3" count="0" type="stmt"/>
      <line num="4" count="0" type="stmt"/>
      <line num="5" count="0" type="stmt"/>
      <line num="6" count="0" type="stmt"/>
      <line num="7" count="0" type="stmt"/>
      <line num="8" count="0" type="stmt"/>
    </file>
    <file name="serviceWorker.js" path="C:\Users\yiifa\OneDrive\桌面\Initial_dream\amzon-clone\src\serviceWorker.js">
      <metrics statements="39" coveredstatements="0" conditionals="32" coveredconditionals="0" methods="16" coveredmethods="0"/>
      <line num="13" count="0" type="stmt"/>
      <line num="24" count="0" type="cond" truecount="0" falsecount="4"/>
      <line num="26" count="0" type="stmt"/>
      <line num="27" count="0" type="cond" truecount="0" falsecount="2"/>
      <line num="31" count="0" type="stmt"/>
      <line num="34" count="0" type="stmt"/>
      <line num="35" count="0" type="stmt"/>
      <line num="37" count="0" type="cond" truecount="0" falsecount="2"/>
      <line num="39" count="0" type="stmt"/>
      <line num="43" count="0" type="stmt"/>
      <line num="44" count="0" type="stmt"/>
      <line num="51" count="0" type="stmt"/>
      <line num="58" count="0" type="stmt"/>
      <line num="61" count="0" type="stmt"/>
      <line num="62" count="0" type="stmt"/>
      <line num="63" count="0" type="cond" truecount="0" falsecount="2"/>
      <line num="64" count="0" type="stmt"/>
      <line num="66" count="0" type="stmt"/>
      <line num="67" count="0" type="cond" truecount="0" falsecount="2"/>
      <line num="68" count="0" type="cond" truecount="0" falsecount="2"/>
      <line num="72" count="0" type="stmt"/>
      <line num="78" count="0" type="cond" truecount="0" falsecount="4"/>
      <line num="79" count="0" type="stmt"/>
      <line num="85" count="0" type="stmt"/>
      <line num="88" count="0" type="cond" truecount="0" falsecount="4"/>
      <line num="89" count="0" type="stmt"/>
      <line num="97" count="0" type="stmt"/>
      <line num="103" count="0" type="stmt"/>
      <line num="108" count="0" type="stmt"/>
      <line num="109" count="0" type="cond" truecount="0" falsecount="2"/>
      <line num="114" count="0" type="stmt"/>
      <line num="115" count="0" type="stmt"/>
      <line num="116" count="0" type="stmt"/>
      <line num="121" count="0" type="stmt"/>
      <line num="125" count="0" type="stmt"/>
      <line num="132" count="0" type="cond" truecount="0" falsecount="2"/>
      <line num="133" count="0" type="stmt"/>
      <line num="135" count="0" type="stmt"/>
      <line num="138" count="0" type="stmt"/>
    </file>
  </project>
</coverage>
