{"C:\\Users\\yiifa\\OneDrive\\桌面\\Initial_dream\\amzon-clone\\src\\App.js": {"path":"C:\\Users\\yiifa\\OneDrive\\桌面\\Initial_dream\\amzon-clone\\src\\App.js","statementMap":{"0":{"start":{"line":12,"column":31},"end":{"line":12,"column":46}},"1":{"start":{"line":14,"column":2},"end":{"line":35,"column":8}},"2":{"start":{"line":17,"column":4},"end":{"line":34,"column":6}},"3":{"start":{"line":18,"column":6},"end":{"line":18,"column":47}},"4":{"start":{"line":20,"column":6},"end":{"line":33,"column":7}},"5":{"start":{"line":23,"column":8},"end":{"line":26,"column":10}},"6":{"start":{"line":29,"column":8},"end":{"line":32,"column":10}},"7":{"start":{"line":60,"column":2},"end":{"line":60,"column":35}},"8":{"start":{"line":62,"column":2},"end":{"line":83,"column":3}}},"fnMap":{"0":{"name":"App","decl":{"start":{"line":11,"column":9},"end":{"line":11,"column":12}},"loc":{"start":{"line":11,"column":16},"end":{"line":84,"column":1}},"line":11},"1":{"name":"(anonymous_1)","decl":{"start":{"line":14,"column":12},"end":{"line":14,"column":13}},"loc":{"start":{"line":14,"column":18},"end":{"line":35,"column":3}},"line":14},"2":{"name":"(anonymous_2)","decl":{"start":{"line":17,"column":28},"end":{"line":17,"column":29}},"loc":{"start":{"line":17,"column":42},"end":{"line":34,"column":5}},"line":17}},"branchMap":{"0":{"loc":{"start":{"line":20,"column":6},"end":{"line":33,"column":7}},"type":"if","locations":[{"start":{"line":20,"column":6},"end":{"line":33,"column":7}},{"start":{"line":20,"column":6},"end":{"line":33,"column":7}}],"line":20}},"s":{"0":0,"1":0,"2":0,"3":0,"4":0,"5":0,"6":0,"7":0,"8":0},"f":{"0":0,"1":0,"2":0},"b":{"0":[0,0]}}
,"C:\\Users\\yiifa\\OneDrive\\桌面\\Initial_dream\\amzon-clone\\src\\Header.js": {"path":"C:\\Users\\yiifa\\OneDrive\\桌面\\Initial_dream\\amzon-clone\\src\\Header.js","statementMap":{"0":{"start":{"line":10,"column":29},"end":{"line":10,"column":44}},"1":{"start":{"line":13,"column":22},"end":{"line":17,"column":3}},"2":{"start":{"line":14,"column":4},"end":{"line":16,"column":5}},"3":{"start":{"line":15,"column":6},"end":{"line":15,"column":20}},"4":{"start":{"line":19,"column":2},"end":{"line":66,"column":3}}},"fnMap":{"0":{"name":"Header","decl":{"start":{"line":9,"column":9},"end":{"line":9,"column":15}},"loc":{"start":{"line":9,"column":19},"end":{"line":67,"column":1}},"line":9},"1":{"name":"(anonymous_1)","decl":{"start":{"line":13,"column":22},"end":{"line":13,"column":23}},"loc":{"start":{"line":13,"column":28},"end":{"line":17,"column":3}},"line":13}},"branchMap":{"0":{"loc":{"start":{"line":14,"column":4},"end":{"line":16,"column":5}},"type":"if","locations":[{"start":{"line":14,"column":4},"end":{"line":16,"column":5}},{"start":{"line":14,"column":4},"end":{"line":16,"column":5}}],"line":14},"1":{"loc":{"start":{"line":35,"column":18},"end":{"line":35,"column":35}},"type":"binary-expr","locations":[{"start":{"line":35,"column":18},"end":{"line":35,"column":23}},{"start":{"line":35,"column":27},"end":{"line":35,"column":35}}],"line":35},"2":{"loc":{"start":{"line":37,"column":59},"end":{"line":37,"column":87}},"type":"cond-expr","locations":[{"start":{"line":37,"column":67},"end":{"line":37,"column":74}},{"start":{"line":37,"column":77},"end":{"line":37,"column":87}}],"line":37},"3":{"loc":{"start":{"line":38,"column":53},"end":{"line":38,"column":82}},"type":"cond-expr","locations":[{"start":{"line":38,"column":60},"end":{"line":38,"column":70}},{"start":{"line":38,"column":73},"end":{"line":38,"column":82}}],"line":38}},"s":{"0":3,"1":0,"2":0,"3":0,"4":0},"f":{"0":3,"1":0},"b":{"0":[0,0],"1":[0,0],"2":[0,0],"3":[0,0]},"_coverageSchema":"1a1c01bbd47fc00a2c39e90264f33305004495a9","hash":"9ebe13671435fef21f7f2996e9463c715ce13588"}
,"C:\\Users\\yiifa\\OneDrive\\桌面\\Initial_dream\\amzon-clone\\src\\Home.js": {"path":"C:\\Users\\yiifa\\OneDrive\\桌面\\Initial_dream\\amzon-clone\\src\\Home.js","statementMap":{"0":{"start":{"line":7,"column":2},"end":{"line":43,"column":3}}},"fnMap":{"0":{"name":"Home","decl":{"start":{"line":6,"column":9},"end":{"line":6,"column":13}},"loc":{"start":{"line":6,"column":17},"end":{"line":44,"column":1}},"line":6}},"branchMap":{},"s":{"0":1},"f":{"0":1},"b":{},"_coverageSchema":"1a1c01bbd47fc00a2c39e90264f33305004495a9","hash":"bfaa06012367ea08b17fe7c2f5547af0e5eca623"}
,"C:\\Users\\yiifa\\OneDrive\\桌面\\Initial_dream\\amzon-clone\\src\\Login.js": {"path":"C:\\Users\\yiifa\\OneDrive\\桌面\\Initial_dream\\amzon-clone\\src\\Login.js","statementMap":{"0":{"start":{"line":8,"column":18},"end":{"line":8,"column":30}},"1":{"start":{"line":9,"column":28},"end":{"line":9,"column":40}},"2":{"start":{"line":10,"column":34},"end":{"line":10,"column":46}},"3":{"start":{"line":12,"column":17},"end":{"line":21,"column":3}},"4":{"start":{"line":13,"column":4},"end":{"line":13,"column":22}},"5":{"start":{"line":15,"column":4},"end":{"line":20,"column":43}},"6":{"start":{"line":18,"column":8},"end":{"line":18,"column":25}},"7":{"start":{"line":20,"column":22},"end":{"line":20,"column":42}},"8":{"start":{"line":23,"column":19},"end":{"line":35,"column":3}},"9":{"start":{"line":24,"column":4},"end":{"line":24,"column":22}},"10":{"start":{"line":26,"column":4},"end":{"line":34,"column":43}},"11":{"start":{"line":30,"column":8},"end":{"line":32,"column":9}},"12":{"start":{"line":31,"column":10},"end":{"line":31,"column":27}},"13":{"start":{"line":34,"column":22},"end":{"line":34,"column":42}},"14":{"start":{"line":37,"column":2},"end":{"line":68,"column":3}},"15":{"start":{"line":52,"column":58},"end":{"line":52,"column":82}},"16":{"start":{"line":55,"column":65},"end":{"line":55,"column":92}}},"fnMap":{"0":{"name":"Login","decl":{"start":{"line":7,"column":9},"end":{"line":7,"column":14}},"loc":{"start":{"line":7,"column":18},"end":{"line":69,"column":1}},"line":7},"1":{"name":"(anonymous_1)","decl":{"start":{"line":12,"column":17},"end":{"line":12,"column":18}},"loc":{"start":{"line":12,"column":22},"end":{"line":21,"column":3}},"line":12},"2":{"name":"(anonymous_2)","decl":{"start":{"line":17,"column":12},"end":{"line":17,"column":13}},"loc":{"start":{"line":17,"column":20},"end":{"line":19,"column":7}},"line":17},"3":{"name":"(anonymous_3)","decl":{"start":{"line":20,"column":13},"end":{"line":20,"column":14}},"loc":{"start":{"line":20,"column":22},"end":{"line":20,"column":42}},"line":20},"4":{"name":"(anonymous_4)","decl":{"start":{"line":23,"column":19},"end":{"line":23,"column":20}},"loc":{"start":{"line":23,"column":24},"end":{"line":35,"column":3}},"line":23},"5":{"name":"(anonymous_5)","decl":{"start":{"line":28,"column":12},"end":{"line":28,"column":13}},"loc":{"start":{"line":28,"column":22},"end":{"line":33,"column":7}},"line":28},"6":{"name":"(anonymous_6)","decl":{"start":{"line":34,"column":13},"end":{"line":34,"column":14}},"loc":{"start":{"line":34,"column":22},"end":{"line":34,"column":42}},"line":34},"7":{"name":"(anonymous_7)","decl":{"start":{"line":52,"column":53},"end":{"line":52,"column":54}},"loc":{"start":{"line":52,"column":58},"end":{"line":52,"column":82}},"line":52},"8":{"name":"(anonymous_8)","decl":{"start":{"line":55,"column":60},"end":{"line":55,"column":61}},"loc":{"start":{"line":55,"column":65},"end":{"line":55,"column":92}},"line":55}},"branchMap":{"0":{"loc":{"start":{"line":30,"column":8},"end":{"line":32,"column":9}},"type":"if","locations":[{"start":{"line":30,"column":8},"end":{"line":32,"column":9}},{"start":{"line":30,"column":8},"end":{"line":32,"column":9}}],"line":30}},"s":{"0":3,"1":3,"2":3,"3":3,"4":0,"5":0,"6":0,"7":0,"8":3,"9":0,"10":0,"11":0,"12":0,"13":0,"14":3,"15":0,"16":0},"f":{"0":3,"1":0,"2":0,"3":0,"4":0,"5":0,"6":0,"7":0,"8":0},"b":{"0":[0,0]},"_coverageSchema":"1a1c01bbd47fc00a2c39e90264f33305004495a9","hash":"e9b11e82f5e3de665bd3b566b547b449711bbb37"}
,"C:\\Users\\yiifa\\OneDrive\\桌面\\Initial_dream\\amzon-clone\\src\\Product.js": {"path":"C:\\Users\\yiifa\\OneDrive\\桌面\\Initial_dream\\amzon-clone\\src\\Product.js","statementMap":{"0":{"start":{"line":4,"column":2},"end":{"line":14,"column":3}}},"fnMap":{"0":{"name":"Product","decl":{"start":{"line":3,"column":9},"end":{"line":3,"column":16}},"loc":{"start":{"line":3,"column":36},"end":{"line":15,"column":1}},"line":3}},"branchMap":{},"s":{"0":4},"f":{"0":4},"b":{},"_coverageSchema":"1a1c01bbd47fc00a2c39e90264f33305004495a9","hash":"7c0fd5a93d49b3177c7d8c4ec68c6407809f1cf7"}
,"C:\\Users\\yiifa\\OneDrive\\桌面\\Initial_dream\\amzon-clone\\src\\StateProvider.js": {"path":"C:\\Users\\yiifa\\OneDrive\\桌面\\Initial_dream\\amzon-clone\\src\\StateProvider.js","statementMap":{"0":{"start":{"line":6,"column":28},"end":{"line":6,"column":43}},"1":{"start":{"line":9,"column":29},"end":{"line":13,"column":1}},"2":{"start":{"line":10,"column":2},"end":{"line":12,"column":26}},"3":{"start":{"line":15,"column":29},"end":{"line":15,"column":59}},"4":{"start":{"line":15,"column":35},"end":{"line":15,"column":59}}},"fnMap":{"0":{"name":"(anonymous_0)","decl":{"start":{"line":9,"column":29},"end":{"line":9,"column":30}},"loc":{"start":{"line":10,"column":2},"end":{"line":12,"column":26}},"line":10},"1":{"name":"(anonymous_1)","decl":{"start":{"line":15,"column":29},"end":{"line":15,"column":30}},"loc":{"start":{"line":15,"column":35},"end":{"line":15,"column":59}},"line":15}},"branchMap":{},"s":{"0":1,"1":1,"2":0,"3":1,"4":3},"f":{"0":0,"1":3},"b":{},"_coverageSchema":"1a1c01bbd47fc00a2c39e90264f33305004495a9","hash":"dd6ccb9dcfb027f44c7eabb25099b607a95d2be2"}
,"C:\\Users\\yiifa\\OneDrive\\桌面\\Initial_dream\\amzon-clone\\src\\firebase.js": {"path":"C:\\Users\\yiifa\\OneDrive\\桌面\\Initial_dream\\amzon-clone\\src\\firebase.js","statementMap":{"0":{"start":{"line":3,"column":20},"end":{"line":12,"column":2}},"1":{"start":{"line":14,"column":11},"end":{"line":14,"column":34}},"2":{"start":{"line":15,"column":13},"end":{"line":15,"column":28}}},"fnMap":{},"branchMap":{},"s":{"0":2,"1":2,"2":2},"f":{},"b":{},"_coverageSchema":"1a1c01bbd47fc00a2c39e90264f33305004495a9","hash":"b2a954323fbee62ebfe926600821a97afc1b430d"}
,"C:\\Users\\yiifa\\OneDrive\\桌面\\Initial_dream\\amzon-clone\\src\\index.js": {"path":"C:\\Users\\yiifa\\OneDrive\\桌面\\Initial_dream\\amzon-clone\\src\\index.js","statementMap":{"0":{"start":{"line":9,"column":0},"end":{"line":17,"column":1}},"1":{"start":{"line":22,"column":0},"end":{"line":22,"column":26}}},"fnMap":{},"branchMap":{},"s":{"0":0,"1":0},"f":{},"b":{}}
,"C:\\Users\\yiifa\\OneDrive\\桌面\\Initial_dream\\amzon-clone\\src\\reducer.js": {"path":"C:\\Users\\yiifa\\OneDrive\\桌面\\Initial_dream\\amzon-clone\\src\\reducer.js","statementMap":{"0":{"start":{"line":1,"column":28},"end":{"line":4,"column":1}},"1":{"start":{"line":6,"column":16},"end":{"line":23,"column":1}},"2":{"start":{"line":7,"column":2},"end":{"line":7,"column":21}},"3":{"start":{"line":8,"column":2},"end":{"line":22,"column":3}},"4":{"start":{"line":11,"column":6},"end":{"line":14,"column":7}},"5":{"start":{"line":16,"column":6},"end":{"line":19,"column":7}},"6":{"start":{"line":21,"column":6},"end":{"line":21,"column":18}}},"fnMap":{"0":{"name":"(anonymous_0)","decl":{"start":{"line":6,"column":16},"end":{"line":6,"column":17}},"loc":{"start":{"line":6,"column":35},"end":{"line":23,"column":1}},"line":6}},"branchMap":{"0":{"loc":{"start":{"line":8,"column":2},"end":{"line":22,"column":3}},"type":"switch","locations":[{"start":{"line":9,"column":4},"end":{"line":14,"column":7}},{"start":{"line":15,"column":4},"end":{"line":19,"column":7}},{"start":{"line":20,"column":4},"end":{"line":21,"column":18}}],"line":8}},"s":{"0":0,"1":0,"2":0,"3":0,"4":0,"5":0,"6":0},"f":{"0":0},"b":{"0":[0,0,0]}}
,"C:\\Users\\yiifa\\OneDrive\\桌面\\Initial_dream\\amzon-clone\\src\\reportWebVitals.js": {"path":"C:\\Users\\yiifa\\OneDrive\\桌面\\Initial_dream\\amzon-clone\\src\\reportWebVitals.js","statementMap":{"0":{"start":{"line":1,"column":24},"end":{"line":11,"column":1}},"1":{"start":{"line":2,"column":2},"end":{"line":10,"column":3}},"2":{"start":{"line":3,"column":4},"end":{"line":9,"column":6}},"3":{"start":{"line":4,"column":6},"end":{"line":4,"column":25}},"4":{"start":{"line":5,"column":6},"end":{"line":5,"column":25}},"5":{"start":{"line":6,"column":6},"end":{"line":6,"column":25}},"6":{"start":{"line":7,"column":6},"end":{"line":7,"column":25}},"7":{"start":{"line":8,"column":6},"end":{"line":8,"column":26}}},"fnMap":{"0":{"name":"(anonymous_0)","decl":{"start":{"line":1,"column":24},"end":{"line":1,"column":25}},"loc":{"start":{"line":1,"column":39},"end":{"line":11,"column":1}},"line":1},"1":{"name":"(anonymous_1)","decl":{"start":{"line":3,"column":30},"end":{"line":3,"column":31}},"loc":{"start":{"line":3,"column":79},"end":{"line":9,"column":5}},"line":3}},"branchMap":{"0":{"loc":{"start":{"line":2,"column":2},"end":{"line":10,"column":3}},"type":"if","locations":[{"start":{"line":2,"column":2},"end":{"line":10,"column":3}},{"start":{"line":2,"column":2},"end":{"line":10,"column":3}}],"line":2},"1":{"loc":{"start":{"line":2,"column":6},"end":{"line":2,"column":52}},"type":"binary-expr","locations":[{"start":{"line":2,"column":6},"end":{"line":2,"column":17}},{"start":{"line":2,"column":21},"end":{"line":2,"column":52}}],"line":2}},"s":{"0":0,"1":0,"2":0,"3":0,"4":0,"5":0,"6":0,"7":0},"f":{"0":0,"1":0},"b":{"0":[0,0],"1":[0,0]}}
,"C:\\Users\\yiifa\\OneDrive\\桌面\\Initial_dream\\amzon-clone\\src\\serviceWorker.js": {"path":"C:\\Users\\yiifa\\OneDrive\\桌面\\Initial_dream\\amzon-clone\\src\\serviceWorker.js","statementMap":{"0":{"start":{"line":13,"column":20},"end":{"line":21,"column":1}},"1":{"start":{"line":24,"column":2},"end":{"line":54,"column":3}},"2":{"start":{"line":26,"column":22},"end":{"line":26,"column":75}},"3":{"start":{"line":27,"column":4},"end":{"line":32,"column":5}},"4":{"start":{"line":31,"column":6},"end":{"line":31,"column":12}},"5":{"start":{"line":34,"column":4},"end":{"line":53,"column":6}},"6":{"start":{"line":35,"column":20},"end":{"line":35,"column":65}},"7":{"start":{"line":37,"column":6},"end":{"line":52,"column":7}},"8":{"start":{"line":39,"column":8},"end":{"line":39,"column":46}},"9":{"start":{"line":43,"column":8},"end":{"line":48,"column":10}},"10":{"start":{"line":44,"column":10},"end":{"line":47,"column":11}},"11":{"start":{"line":51,"column":8},"end":{"line":51,"column":38}},"12":{"start":{"line":58,"column":2},"end":{"line":98,"column":6}},"13":{"start":{"line":61,"column":6},"end":{"line":94,"column":7}},"14":{"start":{"line":62,"column":33},"end":{"line":62,"column":56}},"15":{"start":{"line":63,"column":8},"end":{"line":65,"column":9}},"16":{"start":{"line":64,"column":10},"end":{"line":64,"column":16}},"17":{"start":{"line":66,"column":8},"end":{"line":93,"column":9}},"18":{"start":{"line":67,"column":10},"end":{"line":92,"column":11}},"19":{"start":{"line":68,"column":12},"end":{"line":91,"column":13}},"20":{"start":{"line":72,"column":14},"end":{"line":75,"column":15}},"21":{"start":{"line":78,"column":14},"end":{"line":80,"column":15}},"22":{"start":{"line":79,"column":16},"end":{"line":79,"column":45}},"23":{"start":{"line":85,"column":14},"end":{"line":85,"column":63}},"24":{"start":{"line":88,"column":14},"end":{"line":90,"column":15}},"25":{"start":{"line":89,"column":16},"end":{"line":89,"column":46}},"26":{"start":{"line":97,"column":6},"end":{"line":97,"column":71}},"27":{"start":{"line":103,"column":2},"end":{"line":128,"column":6}},"28":{"start":{"line":108,"column":26},"end":{"line":108,"column":62}},"29":{"start":{"line":109,"column":6},"end":{"line":122,"column":7}},"30":{"start":{"line":114,"column":8},"end":{"line":118,"column":10}},"31":{"start":{"line":115,"column":10},"end":{"line":117,"column":12}},"32":{"start":{"line":116,"column":12},"end":{"line":116,"column":36}},"33":{"start":{"line":121,"column":8},"end":{"line":121,"column":38}},"34":{"start":{"line":125,"column":6},"end":{"line":127,"column":7}},"35":{"start":{"line":132,"column":2},"end":{"line":140,"column":3}},"36":{"start":{"line":133,"column":4},"end":{"line":139,"column":8}},"37":{"start":{"line":135,"column":8},"end":{"line":135,"column":33}},"38":{"start":{"line":138,"column":8},"end":{"line":138,"column":36}}},"fnMap":{"0":{"name":"register","decl":{"start":{"line":23,"column":16},"end":{"line":23,"column":24}},"loc":{"start":{"line":23,"column":34},"end":{"line":55,"column":1}},"line":23},"1":{"name":"(anonymous_1)","decl":{"start":{"line":34,"column":36},"end":{"line":34,"column":37}},"loc":{"start":{"line":34,"column":42},"end":{"line":53,"column":5}},"line":34},"2":{"name":"(anonymous_2)","decl":{"start":{"line":43,"column":43},"end":{"line":43,"column":44}},"loc":{"start":{"line":43,"column":49},"end":{"line":48,"column":9}},"line":43},"3":{"name":"registerValidSW","decl":{"start":{"line":57,"column":9},"end":{"line":57,"column":24}},"loc":{"start":{"line":57,"column":41},"end":{"line":99,"column":1}},"line":57},"4":{"name":"(anonymous_4)","decl":{"start":{"line":60,"column":10},"end":{"line":60,"column":11}},"loc":{"start":{"line":60,"column":26},"end":{"line":95,"column":5}},"line":60},"5":{"name":"(anonymous_5)","decl":{"start":{"line":61,"column":35},"end":{"line":61,"column":36}},"loc":{"start":{"line":61,"column":41},"end":{"line":94,"column":7}},"line":61},"6":{"name":"(anonymous_6)","decl":{"start":{"line":66,"column":41},"end":{"line":66,"column":42}},"loc":{"start":{"line":66,"column":47},"end":{"line":93,"column":9}},"line":66},"7":{"name":"(anonymous_7)","decl":{"start":{"line":96,"column":11},"end":{"line":96,"column":12}},"loc":{"start":{"line":96,"column":20},"end":{"line":98,"column":5}},"line":96},"8":{"name":"checkValidServiceWorker","decl":{"start":{"line":101,"column":9},"end":{"line":101,"column":32}},"loc":{"start":{"line":101,"column":49},"end":{"line":129,"column":1}},"line":101},"9":{"name":"(anonymous_9)","decl":{"start":{"line":106,"column":10},"end":{"line":106,"column":11}},"loc":{"start":{"line":106,"column":22},"end":{"line":123,"column":5}},"line":106},"10":{"name":"(anonymous_10)","decl":{"start":{"line":114,"column":43},"end":{"line":114,"column":44}},"loc":{"start":{"line":114,"column":59},"end":{"line":118,"column":9}},"line":114},"11":{"name":"(anonymous_11)","decl":{"start":{"line":115,"column":41},"end":{"line":115,"column":42}},"loc":{"start":{"line":115,"column":47},"end":{"line":117,"column":11}},"line":115},"12":{"name":"(anonymous_12)","decl":{"start":{"line":124,"column":11},"end":{"line":124,"column":12}},"loc":{"start":{"line":124,"column":17},"end":{"line":128,"column":5}},"line":124},"13":{"name":"unregister","decl":{"start":{"line":131,"column":16},"end":{"line":131,"column":26}},"loc":{"start":{"line":131,"column":30},"end":{"line":141,"column":1}},"line":131},"14":{"name":"(anonymous_14)","decl":{"start":{"line":134,"column":12},"end":{"line":134,"column":13}},"loc":{"start":{"line":134,"column":28},"end":{"line":136,"column":7}},"line":134},"15":{"name":"(anonymous_15)","decl":{"start":{"line":137,"column":13},"end":{"line":137,"column":14}},"loc":{"start":{"line":137,"column":22},"end":{"line":139,"column":7}},"line":137}},"branchMap":{"0":{"loc":{"start":{"line":14,"column":2},"end":{"line":20,"column":7}},"type":"binary-expr","locations":[{"start":{"line":14,"column":2},"end":{"line":14,"column":42}},{"start":{"line":16,"column":6},"end":{"line":16,"column":42}},{"start":{"line":18,"column":6},"end":{"line":20,"column":7}}],"line":14},"1":{"loc":{"start":{"line":24,"column":2},"end":{"line":54,"column":3}},"type":"if","locations":[{"start":{"line":24,"column":2},"end":{"line":54,"column":3}},{"start":{"line":24,"column":2},"end":{"line":54,"column":3}}],"line":24},"2":{"loc":{"start":{"line":24,"column":6},"end":{"line":24,"column":75}},"type":"binary-expr","locations":[{"start":{"line":24,"column":6},"end":{"line":24,"column":43}},{"start":{"line":24,"column":47},"end":{"line":24,"column":75}}],"line":24},"3":{"loc":{"start":{"line":27,"column":4},"end":{"line":32,"column":5}},"type":"if","locations":[{"start":{"line":27,"column":4},"end":{"line":32,"column":5}},{"start":{"line":27,"column":4},"end":{"line":32,"column":5}}],"line":27},"4":{"loc":{"start":{"line":37,"column":6},"end":{"line":52,"column":7}},"type":"if","locations":[{"start":{"line":37,"column":6},"end":{"line":52,"column":7}},{"start":{"line":37,"column":6},"end":{"line":52,"column":7}}],"line":37},"5":{"loc":{"start":{"line":63,"column":8},"end":{"line":65,"column":9}},"type":"if","locations":[{"start":{"line":63,"column":8},"end":{"line":65,"column":9}},{"start":{"line":63,"column":8},"end":{"line":65,"column":9}}],"line":63},"6":{"loc":{"start":{"line":67,"column":10},"end":{"line":92,"column":11}},"type":"if","locations":[{"start":{"line":67,"column":10},"end":{"line":92,"column":11}},{"start":{"line":67,"column":10},"end":{"line":92,"column":11}}],"line":67},"7":{"loc":{"start":{"line":68,"column":12},"end":{"line":91,"column":13}},"type":"if","locations":[{"start":{"line":68,"column":12},"end":{"line":91,"column":13}},{"start":{"line":68,"column":12},"end":{"line":91,"column":13}}],"line":68},"8":{"loc":{"start":{"line":78,"column":14},"end":{"line":80,"column":15}},"type":"if","locations":[{"start":{"line":78,"column":14},"end":{"line":80,"column":15}},{"start":{"line":78,"column":14},"end":{"line":80,"column":15}}],"line":78},"9":{"loc":{"start":{"line":78,"column":18},"end":{"line":78,"column":43}},"type":"binary-expr","locations":[{"start":{"line":78,"column":18},"end":{"line":78,"column":24}},{"start":{"line":78,"column":28},"end":{"line":78,"column":43}}],"line":78},"10":{"loc":{"start":{"line":88,"column":14},"end":{"line":90,"column":15}},"type":"if","locations":[{"start":{"line":88,"column":14},"end":{"line":90,"column":15}},{"start":{"line":88,"column":14},"end":{"line":90,"column":15}}],"line":88},"11":{"loc":{"start":{"line":88,"column":18},"end":{"line":88,"column":44}},"type":"binary-expr","locations":[{"start":{"line":88,"column":18},"end":{"line":88,"column":24}},{"start":{"line":88,"column":28},"end":{"line":88,"column":44}}],"line":88},"12":{"loc":{"start":{"line":109,"column":6},"end":{"line":122,"column":7}},"type":"if","locations":[{"start":{"line":109,"column":6},"end":{"line":122,"column":7}},{"start":{"line":109,"column":6},"end":{"line":122,"column":7}}],"line":109},"13":{"loc":{"start":{"line":110,"column":8},"end":{"line":111,"column":75}},"type":"binary-expr","locations":[{"start":{"line":110,"column":8},"end":{"line":110,"column":31}},{"start":{"line":111,"column":11},"end":{"line":111,"column":30}},{"start":{"line":111,"column":34},"end":{"line":111,"column":74}}],"line":110},"14":{"loc":{"start":{"line":132,"column":2},"end":{"line":140,"column":3}},"type":"if","locations":[{"start":{"line":132,"column":2},"end":{"line":140,"column":3}},{"start":{"line":132,"column":2},"end":{"line":140,"column":3}}],"line":132}},"s":{"0":0,"1":0,"2":0,"3":0,"4":0,"5":0,"6":0,"7":0,"8":0,"9":0,"10":0,"11":0,"12":0,"13":0,"14":0,"15":0,"16":0,"17":0,"18":0,"19":0,"20":0,"21":0,"22":0,"23":0,"24":0,"25":0,"26":0,"27":0,"28":0,"29":0,"30":0,"31":0,"32":0,"33":0,"34":0,"35":0,"36":0,"37":0,"38":0},"f":{"0":0,"1":0,"2":0,"3":0,"4":0,"5":0,"6":0,"7":0,"8":0,"9":0,"10":0,"11":0,"12":0,"13":0,"14":0,"15":0},"b":{"0":[0,0,0],"1":[0,0],"2":[0,0],"3":[0,0],"4":[0,0],"5":[0,0],"6":[0,0],"7":[0,0],"8":[0,0],"9":[0,0],"10":[0,0],"11":[0,0],"12":[0,0],"13":[0,0,0],"14":[0,0]}}
}
